Error in get_dashboard_data: (pymysql.err.OperationalError) (1054, "Unknown column 'rapports.status' in 'field list'")
[SQL: SELECT count(*) AS count_1 
FROM (SELECT rapports.id AS rapports_id, rapports.auteur_id AS rapports_auteur_id, rapports.titre AS rapports_titre, rapports.filename AS rapports_filename, rapports.storage_path AS rapports_storage_path, rapports.status AS rapports_status, rapports.created_at AS rapports_created_at 
FROM rapports INNER JOIN soutenances ON soutenances.rapport_id = rapports.id INNER JOIN juries ON juries.soutenance_id = soutenances.id 
WHERE juries.teacher_id = %(teacher_id_1)s) AS anon_1]
[parameters: {'teacher_id_1': '3'}]
(Background on this error at: https://sqlalche.me/e/20/e3q8)
Traceback (most recent call last):
  File "C:\Users\21261\AppData\Roaming\Python\Python312\site-packages\sqlalchemy\engine\base.py", line 1967, in _exec_single_context
    self.dialect.do_execute(
  File "C:\Users\21261\AppData\Roaming\Python\Python312\site-packages\sqlalchemy\engine\default.py", line 952, in do_execute
    cursor.execute(statement, parameters)
  File "C:\Users\21261\AppData\Roaming\Python\Python312\site-packages\pymysql\cursors.py", line 153, in execute
    result = self._query(query)
             ^^^^^^^^^^^^^^^^^^
  File "C:\Users\21261\AppData\Roaming\Python\Python312\site-packages\pymysql\cursors.py", line 322, in _query
    conn.query(q)
  File "C:\Users\21261\AppData\Roaming\Python\Python312\site-packages\pymysql\connections.py", line 575, in query
    self._affected_rows = self._read_query_result(unbuffered=unbuffered)
                          ^^^^^^^^^^^^^^^^^^^^^^^^^^^^^^^^^^^^^^^^^^^^^^
  File "C:\Users\21261\AppData\Roaming\Python\Python312\site-packages\pymysql\connections.py", line 826, in _read_query_result
    result.read()
  File "C:\Users\21261\AppData\Roaming\Python\Python312\site-packages\pymysql\connections.py", line 1203, in read
    first_packet = self.connection._read_packet()
                   ^^^^^^^^^^^^^^^^^^^^^^^^^^^^^^
  File "C:\Users\21261\AppData\Roaming\Python\Python312\site-packages\pymysql\connections.py", line 782, in _read_packet
    packet.raise_for_error()
  File "C:\Users\21261\AppData\Roaming\Python\Python312\site-packages\pymysql\protocol.py", line 219, in raise_for_error
    err.raise_mysql_exception(self._data)
  File "C:\Users\21261\AppData\Roaming\Python\Python312\site-packages\pymysql\err.py", line 150, in raise_mysql_exception
    raise errorclass(errno, errval)
pymysql.err.OperationalError: (1054, "Unknown column 'rapports.status' in 'field list'")

The above exception was the direct cause of the following exception:

Traceback (most recent call last):
  File "C:\Users\21261\python-project-\Back-end\app\api\jury_dashboard_routes.py", line 48, in get_dashboard_data
    kpis = jury_dashboard_service.get_dashboard_stats(current_user_id)
           ^^^^^^^^^^^^^^^^^^^^^^^^^^^^^^^^^^^^^^^^^^^^^^^^^^^^^^^^^^^
  File "C:\Users\21261\python-project-\Back-end\app\services\jury_dashboard_service.py", line 23, in get_dashboard_stats
    total_assigned = assigned_query.count()
                     ^^^^^^^^^^^^^^^^^^^^^^
  File "C:\Users\21261\AppData\Roaming\Python\Python312\site-packages\sqlalchemy\orm\query.py", line 3146, in count
    self._legacy_from_self(col).enable_eagerloads(False).scalar()
  File "C:\Users\21261\AppData\Roaming\Python\Python312\site-packages\sqlalchemy\orm\query.py", line 2835, in scalar
    ret = self.one()
          ^^^^^^^^^^
  File "C:\Users\21261\AppData\Roaming\Python\Python312\site-packages\sqlalchemy\orm\query.py", line 2808, in one
    return self._iter().one()  # type: ignore
           ^^^^^^^^^^^^
  File "C:\Users\21261\AppData\Roaming\Python\Python312\site-packages\sqlalchemy\orm\query.py", line 2857, in _iter
    result: Union[ScalarResult[_T], Result[_T]] = self.session.execute(
                                                  ^^^^^^^^^^^^^^^^^^^^^
  File "C:\Users\21261\AppData\Roaming\Python\Python312\site-packages\sqlalchemy\orm\session.py", line 2351, in execute
    return self._execute_internal(
           ^^^^^^^^^^^^^^^^^^^^^^^
  File "C:\Users\21261\AppData\Roaming\Python\Python312\site-packages\sqlalchemy\orm\session.py", line 2249, in _execute_internal
    result: Result[Any] = compile_state_cls.orm_execute_statement(
                          ^^^^^^^^^^^^^^^^^^^^^^^^^^^^^^^^^^^^^^^^
  File "C:\Users\21261\AppData\Roaming\Python\Python312\site-packages\sqlalchemy\orm\context.py", line 306, in orm_execute_statement
    result = conn.execute(
             ^^^^^^^^^^^^^
  File "C:\Users\21261\AppData\Roaming\Python\Python312\site-packages\sqlalchemy\engine\base.py", line 1419, in execute
    return meth(
           ^^^^^
  File "C:\Users\21261\AppData\Roaming\Python\Python312\site-packages\sqlalchemy\sql\elements.py", line 527, in _execute_on_connection
    return connection._execute_clauseelement(
           ^^^^^^^^^^^^^^^^^^^^^^^^^^^^^^^^^^
  File "C:\Users\21261\AppData\Roaming\Python\Python312\site-packages\sqlalchemy\engine\base.py", line 1641, in _execute_clauseelement
    ret = self._execute_context(
          ^^^^^^^^^^^^^^^^^^^^^^
  File "C:\Users\21261\AppData\Roaming\Python\Python312\site-packages\sqlalchemy\engine\base.py", line 1846, in _execute_context
    return self._exec_single_context(
           ^^^^^^^^^^^^^^^^^^^^^^^^^^
  File "C:\Users\21261\AppData\Roaming\Python\Python312\site-packages\sqlalchemy\engine\base.py", line 1986, in _exec_single_context
    self._handle_dbapi_exception(
  File "C:\Users\21261\AppData\Roaming\Python\Python312\site-packages\sqlalchemy\engine\base.py", line 2363, in _handle_dbapi_exception
    raise sqlalchemy_exception.with_traceback(exc_info[2]) from e
  File "C:\Users\21261\AppData\Roaming\Python\Python312\site-packages\sqlalchemy\engine\base.py", line 1967, in _exec_single_context
    self.dialect.do_execute(
  File "C:\Users\21261\AppData\Roaming\Python\Python312\site-packages\sqlalchemy\engine\default.py", line 952, in do_execute
    cursor.execute(statement, parameters)
  File "C:\Users\21261\AppData\Roaming\Python\Python312\site-packages\pymysql\cursors.py", line 153, in execute
    result = self._query(query)
             ^^^^^^^^^^^^^^^^^^
  File "C:\Users\21261\AppData\Roaming\Python\Python312\site-packages\pymysql\cursors.py", line 322, in _query
    conn.query(q)
  File "C:\Users\21261\AppData\Roaming\Python\Python312\site-packages\pymysql\connections.py", line 575, in query
    self._affected_rows = self._read_query_result(unbuffered=unbuffered)
                          ^^^^^^^^^^^^^^^^^^^^^^^^^^^^^^^^^^^^^^^^^^^^^^
  File "C:\Users\21261\AppData\Roaming\Python\Python312\site-packages\pymysql\connections.py", line 826, in _read_query_result
    result.read()
  File "C:\Users\21261\AppData\Roaming\Python\Python312\site-packages\pymysql\connections.py", line 1203, in read
    first_packet = self.connection._read_packet()
                   ^^^^^^^^^^^^^^^^^^^^^^^^^^^^^^
  File "C:\Users\21261\AppData\Roaming\Python\Python312\site-packages\pymysql\connections.py", line 782, in _read_packet
    packet.raise_for_error()
  File "C:\Users\21261\AppData\Roaming\Python\Python312\site-packages\pymysql\protocol.py", line 219, in raise_for_error
    err.raise_mysql_exception(self._data)
  File "C:\Users\21261\AppData\Roaming\Python\Python312\site-packages\pymysql\err.py", line 150, in raise_mysql_exception
    raise errorclass(errno, errval)
sqlalchemy.exc.OperationalError: (pymysql.err.OperationalError) (1054, "Unknown column 'rapports.status' in 'field list'")
[SQL: SELECT count(*) AS count_1 
FROM (SELECT rapports.id AS rapports_id, rapports.auteur_id AS rapports_auteur_id, rapports.titre AS rapports_titre, rapports.filename AS rapports_filename, rapports.storage_path AS rapports_storage_path, rapports.status AS rapports_status, rapports.created_at AS rapports_created_at 
FROM rapports INNER JOIN soutenances ON soutenances.rapport_id = rapports.id INNER JOIN juries ON juries.soutenance_id = soutenances.id 
WHERE juries.teacher_id = %(teacher_id_1)s) AS anon_1]
[parameters: {'teacher_id_1': '3'}]
(Background on this error at: https://sqlalche.me/e/20/e3q8)

==================================================
Error in get_dashboard_data: (pymysql.err.OperationalError) (1054, "Unknown column 'rapports.status' in 'field list'")
[SQL: SELECT count(*) AS count_1 
FROM (SELECT rapports.id AS rapports_id, rapports.auteur_id AS rapports_auteur_id, rapports.titre AS rapports_titre, rapports.filename AS rapports_filename, rapports.storage_path AS rapports_storage_path, rapports.status AS rapports_status, rapports.created_at AS rapports_created_at 
FROM rapports INNER JOIN soutenances ON soutenances.rapport_id = rapports.id INNER JOIN juries ON juries.soutenance_id = soutenances.id 
WHERE juries.teacher_id = %(teacher_id_1)s) AS anon_1]
[parameters: {'teacher_id_1': '3'}]
(Background on this error at: https://sqlalche.me/e/20/e3q8)
Traceback (most recent call last):
  File "C:\Users\21261\AppData\Roaming\Python\Python312\site-packages\sqlalchemy\engine\base.py", line 1967, in _exec_single_context
    self.dialect.do_execute(
  File "C:\Users\21261\AppData\Roaming\Python\Python312\site-packages\sqlalchemy\engine\default.py", line 952, in do_execute
    cursor.execute(statement, parameters)
  File "C:\Users\21261\AppData\Roaming\Python\Python312\site-packages\pymysql\cursors.py", line 153, in execute
    result = self._query(query)
             ^^^^^^^^^^^^^^^^^^
  File "C:\Users\21261\AppData\Roaming\Python\Python312\site-packages\pymysql\cursors.py", line 322, in _query
    conn.query(q)
  File "C:\Users\21261\AppData\Roaming\Python\Python312\site-packages\pymysql\connections.py", line 575, in query
    self._affected_rows = self._read_query_result(unbuffered=unbuffered)
                          ^^^^^^^^^^^^^^^^^^^^^^^^^^^^^^^^^^^^^^^^^^^^^^
  File "C:\Users\21261\AppData\Roaming\Python\Python312\site-packages\pymysql\connections.py", line 826, in _read_query_result
    result.read()
  File "C:\Users\21261\AppData\Roaming\Python\Python312\site-packages\pymysql\connections.py", line 1203, in read
    first_packet = self.connection._read_packet()
                   ^^^^^^^^^^^^^^^^^^^^^^^^^^^^^^
  File "C:\Users\21261\AppData\Roaming\Python\Python312\site-packages\pymysql\connections.py", line 782, in _read_packet
    packet.raise_for_error()
  File "C:\Users\21261\AppData\Roaming\Python\Python312\site-packages\pymysql\protocol.py", line 219, in raise_for_error
    err.raise_mysql_exception(self._data)
  File "C:\Users\21261\AppData\Roaming\Python\Python312\site-packages\pymysql\err.py", line 150, in raise_mysql_exception
    raise errorclass(errno, errval)
pymysql.err.OperationalError: (1054, "Unknown column 'rapports.status' in 'field list'")

The above exception was the direct cause of the following exception:

Traceback (most recent call last):
  File "C:\Users\21261\python-project-\Back-end\app\api\jury_dashboard_routes.py", line 48, in get_dashboard_data
    kpis = jury_dashboard_service.get_dashboard_stats(current_user_id)
           ^^^^^^^^^^^^^^^^^^^^^^^^^^^^^^^^^^^^^^^^^^^^^^^^^^^^^^^^^^^
  File "C:\Users\21261\python-project-\Back-end\app\services\jury_dashboard_service.py", line 23, in get_dashboard_stats
    total_assigned = assigned_query.count()
                     ^^^^^^^^^^^^^^^^^^^^^^
  File "C:\Users\21261\AppData\Roaming\Python\Python312\site-packages\sqlalchemy\orm\query.py", line 3146, in count
    self._legacy_from_self(col).enable_eagerloads(False).scalar()
  File "C:\Users\21261\AppData\Roaming\Python\Python312\site-packages\sqlalchemy\orm\query.py", line 2835, in scalar
    ret = self.one()
          ^^^^^^^^^^
  File "C:\Users\21261\AppData\Roaming\Python\Python312\site-packages\sqlalchemy\orm\query.py", line 2808, in one
    return self._iter().one()  # type: ignore
           ^^^^^^^^^^^^
  File "C:\Users\21261\AppData\Roaming\Python\Python312\site-packages\sqlalchemy\orm\query.py", line 2857, in _iter
    result: Union[ScalarResult[_T], Result[_T]] = self.session.execute(
                                                  ^^^^^^^^^^^^^^^^^^^^^
  File "C:\Users\21261\AppData\Roaming\Python\Python312\site-packages\sqlalchemy\orm\session.py", line 2351, in execute
    return self._execute_internal(
           ^^^^^^^^^^^^^^^^^^^^^^^
  File "C:\Users\21261\AppData\Roaming\Python\Python312\site-packages\sqlalchemy\orm\session.py", line 2249, in _execute_internal
    result: Result[Any] = compile_state_cls.orm_execute_statement(
                          ^^^^^^^^^^^^^^^^^^^^^^^^^^^^^^^^^^^^^^^^
  File "C:\Users\21261\AppData\Roaming\Python\Python312\site-packages\sqlalchemy\orm\context.py", line 306, in orm_execute_statement
    result = conn.execute(
             ^^^^^^^^^^^^^
  File "C:\Users\21261\AppData\Roaming\Python\Python312\site-packages\sqlalchemy\engine\base.py", line 1419, in execute
    return meth(
           ^^^^^
  File "C:\Users\21261\AppData\Roaming\Python\Python312\site-packages\sqlalchemy\sql\elements.py", line 527, in _execute_on_connection
    return connection._execute_clauseelement(
           ^^^^^^^^^^^^^^^^^^^^^^^^^^^^^^^^^^
  File "C:\Users\21261\AppData\Roaming\Python\Python312\site-packages\sqlalchemy\engine\base.py", line 1641, in _execute_clauseelement
    ret = self._execute_context(
          ^^^^^^^^^^^^^^^^^^^^^^
  File "C:\Users\21261\AppData\Roaming\Python\Python312\site-packages\sqlalchemy\engine\base.py", line 1846, in _execute_context
    return self._exec_single_context(
           ^^^^^^^^^^^^^^^^^^^^^^^^^^
  File "C:\Users\21261\AppData\Roaming\Python\Python312\site-packages\sqlalchemy\engine\base.py", line 1986, in _exec_single_context
    self._handle_dbapi_exception(
  File "C:\Users\21261\AppData\Roaming\Python\Python312\site-packages\sqlalchemy\engine\base.py", line 2363, in _handle_dbapi_exception
    raise sqlalchemy_exception.with_traceback(exc_info[2]) from e
  File "C:\Users\21261\AppData\Roaming\Python\Python312\site-packages\sqlalchemy\engine\base.py", line 1967, in _exec_single_context
    self.dialect.do_execute(
  File "C:\Users\21261\AppData\Roaming\Python\Python312\site-packages\sqlalchemy\engine\default.py", line 952, in do_execute
    cursor.execute(statement, parameters)
  File "C:\Users\21261\AppData\Roaming\Python\Python312\site-packages\pymysql\cursors.py", line 153, in execute
    result = self._query(query)
             ^^^^^^^^^^^^^^^^^^
  File "C:\Users\21261\AppData\Roaming\Python\Python312\site-packages\pymysql\cursors.py", line 322, in _query
    conn.query(q)
  File "C:\Users\21261\AppData\Roaming\Python\Python312\site-packages\pymysql\connections.py", line 575, in query
    self._affected_rows = self._read_query_result(unbuffered=unbuffered)
                          ^^^^^^^^^^^^^^^^^^^^^^^^^^^^^^^^^^^^^^^^^^^^^^
  File "C:\Users\21261\AppData\Roaming\Python\Python312\site-packages\pymysql\connections.py", line 826, in _read_query_result
    result.read()
  File "C:\Users\21261\AppData\Roaming\Python\Python312\site-packages\pymysql\connections.py", line 1203, in read
    first_packet = self.connection._read_packet()
                   ^^^^^^^^^^^^^^^^^^^^^^^^^^^^^^
  File "C:\Users\21261\AppData\Roaming\Python\Python312\site-packages\pymysql\connections.py", line 782, in _read_packet
    packet.raise_for_error()
  File "C:\Users\21261\AppData\Roaming\Python\Python312\site-packages\pymysql\protocol.py", line 219, in raise_for_error
    err.raise_mysql_exception(self._data)
  File "C:\Users\21261\AppData\Roaming\Python\Python312\site-packages\pymysql\err.py", line 150, in raise_mysql_exception
    raise errorclass(errno, errval)
sqlalchemy.exc.OperationalError: (pymysql.err.OperationalError) (1054, "Unknown column 'rapports.status' in 'field list'")
[SQL: SELECT count(*) AS count_1 
FROM (SELECT rapports.id AS rapports_id, rapports.auteur_id AS rapports_auteur_id, rapports.titre AS rapports_titre, rapports.filename AS rapports_filename, rapports.storage_path AS rapports_storage_path, rapports.status AS rapports_status, rapports.created_at AS rapports_created_at 
FROM rapports INNER JOIN soutenances ON soutenances.rapport_id = rapports.id INNER JOIN juries ON juries.soutenance_id = soutenances.id 
WHERE juries.teacher_id = %(teacher_id_1)s) AS anon_1]
[parameters: {'teacher_id_1': '3'}]
(Background on this error at: https://sqlalche.me/e/20/e3q8)

==================================================
Error in get_dashboard_data: (pymysql.err.OperationalError) (1054, "Unknown column 'rapports.status' in 'field list'")
[SQL: SELECT count(*) AS count_1 
FROM (SELECT rapports.id AS rapports_id, rapports.auteur_id AS rapports_auteur_id, rapports.titre AS rapports_titre, rapports.filename AS rapports_filename, rapports.storage_path AS rapports_storage_path, rapports.status AS rapports_status, rapports.created_at AS rapports_created_at 
FROM rapports INNER JOIN soutenances ON soutenances.rapport_id = rapports.id INNER JOIN juries ON juries.soutenance_id = soutenances.id 
WHERE juries.teacher_id = %(teacher_id_1)s) AS anon_1]
[parameters: {'teacher_id_1': '3'}]
(Background on this error at: https://sqlalche.me/e/20/e3q8)
Traceback (most recent call last):
  File "C:\Users\21261\AppData\Roaming\Python\Python312\site-packages\sqlalchemy\engine\base.py", line 1967, in _exec_single_context
    self.dialect.do_execute(
  File "C:\Users\21261\AppData\Roaming\Python\Python312\site-packages\sqlalchemy\engine\default.py", line 952, in do_execute
    cursor.execute(statement, parameters)
  File "C:\Users\21261\AppData\Roaming\Python\Python312\site-packages\pymysql\cursors.py", line 153, in execute
    result = self._query(query)
             ^^^^^^^^^^^^^^^^^^
  File "C:\Users\21261\AppData\Roaming\Python\Python312\site-packages\pymysql\cursors.py", line 322, in _query
    conn.query(q)
  File "C:\Users\21261\AppData\Roaming\Python\Python312\site-packages\pymysql\connections.py", line 575, in query
    self._affected_rows = self._read_query_result(unbuffered=unbuffered)
                          ^^^^^^^^^^^^^^^^^^^^^^^^^^^^^^^^^^^^^^^^^^^^^^
  File "C:\Users\21261\AppData\Roaming\Python\Python312\site-packages\pymysql\connections.py", line 826, in _read_query_result
    result.read()
  File "C:\Users\21261\AppData\Roaming\Python\Python312\site-packages\pymysql\connections.py", line 1203, in read
    first_packet = self.connection._read_packet()
                   ^^^^^^^^^^^^^^^^^^^^^^^^^^^^^^
  File "C:\Users\21261\AppData\Roaming\Python\Python312\site-packages\pymysql\connections.py", line 782, in _read_packet
    packet.raise_for_error()
  File "C:\Users\21261\AppData\Roaming\Python\Python312\site-packages\pymysql\protocol.py", line 219, in raise_for_error
    err.raise_mysql_exception(self._data)
  File "C:\Users\21261\AppData\Roaming\Python\Python312\site-packages\pymysql\err.py", line 150, in raise_mysql_exception
    raise errorclass(errno, errval)
pymysql.err.OperationalError: (1054, "Unknown column 'rapports.status' in 'field list'")

The above exception was the direct cause of the following exception:

Traceback (most recent call last):
  File "C:\Users\21261\python-project-\Back-end\app\api\jury_dashboard_routes.py", line 48, in get_dashboard_data
    kpis = jury_dashboard_service.get_dashboard_stats(current_user_id)
           ^^^^^^^^^^^^^^^^^^^^^^^^^^^^^^^^^^^^^^^^^^^^^^^^^^^^^^^^^^^
  File "C:\Users\21261\python-project-\Back-end\app\services\jury_dashboard_service.py", line 23, in get_dashboard_stats
    total_assigned = assigned_query.count()
                     ^^^^^^^^^^^^^^^^^^^^^^
  File "C:\Users\21261\AppData\Roaming\Python\Python312\site-packages\sqlalchemy\orm\query.py", line 3146, in count
    self._legacy_from_self(col).enable_eagerloads(False).scalar()
  File "C:\Users\21261\AppData\Roaming\Python\Python312\site-packages\sqlalchemy\orm\query.py", line 2835, in scalar
    ret = self.one()
          ^^^^^^^^^^
  File "C:\Users\21261\AppData\Roaming\Python\Python312\site-packages\sqlalchemy\orm\query.py", line 2808, in one
    return self._iter().one()  # type: ignore
           ^^^^^^^^^^^^
  File "C:\Users\21261\AppData\Roaming\Python\Python312\site-packages\sqlalchemy\orm\query.py", line 2857, in _iter
    result: Union[ScalarResult[_T], Result[_T]] = self.session.execute(
                                                  ^^^^^^^^^^^^^^^^^^^^^
  File "C:\Users\21261\AppData\Roaming\Python\Python312\site-packages\sqlalchemy\orm\session.py", line 2351, in execute
    return self._execute_internal(
           ^^^^^^^^^^^^^^^^^^^^^^^
  File "C:\Users\21261\AppData\Roaming\Python\Python312\site-packages\sqlalchemy\orm\session.py", line 2249, in _execute_internal
    result: Result[Any] = compile_state_cls.orm_execute_statement(
                          ^^^^^^^^^^^^^^^^^^^^^^^^^^^^^^^^^^^^^^^^
  File "C:\Users\21261\AppData\Roaming\Python\Python312\site-packages\sqlalchemy\orm\context.py", line 306, in orm_execute_statement
    result = conn.execute(
             ^^^^^^^^^^^^^
  File "C:\Users\21261\AppData\Roaming\Python\Python312\site-packages\sqlalchemy\engine\base.py", line 1419, in execute
    return meth(
           ^^^^^
  File "C:\Users\21261\AppData\Roaming\Python\Python312\site-packages\sqlalchemy\sql\elements.py", line 527, in _execute_on_connection
    return connection._execute_clauseelement(
           ^^^^^^^^^^^^^^^^^^^^^^^^^^^^^^^^^^
  File "C:\Users\21261\AppData\Roaming\Python\Python312\site-packages\sqlalchemy\engine\base.py", line 1641, in _execute_clauseelement
    ret = self._execute_context(
          ^^^^^^^^^^^^^^^^^^^^^^
  File "C:\Users\21261\AppData\Roaming\Python\Python312\site-packages\sqlalchemy\engine\base.py", line 1846, in _execute_context
    return self._exec_single_context(
           ^^^^^^^^^^^^^^^^^^^^^^^^^^
  File "C:\Users\21261\AppData\Roaming\Python\Python312\site-packages\sqlalchemy\engine\base.py", line 1986, in _exec_single_context
    self._handle_dbapi_exception(
  File "C:\Users\21261\AppData\Roaming\Python\Python312\site-packages\sqlalchemy\engine\base.py", line 2363, in _handle_dbapi_exception
    raise sqlalchemy_exception.with_traceback(exc_info[2]) from e
  File "C:\Users\21261\AppData\Roaming\Python\Python312\site-packages\sqlalchemy\engine\base.py", line 1967, in _exec_single_context
    self.dialect.do_execute(
  File "C:\Users\21261\AppData\Roaming\Python\Python312\site-packages\sqlalchemy\engine\default.py", line 952, in do_execute
    cursor.execute(statement, parameters)
  File "C:\Users\21261\AppData\Roaming\Python\Python312\site-packages\pymysql\cursors.py", line 153, in execute
    result = self._query(query)
             ^^^^^^^^^^^^^^^^^^
  File "C:\Users\21261\AppData\Roaming\Python\Python312\site-packages\pymysql\cursors.py", line 322, in _query
    conn.query(q)
  File "C:\Users\21261\AppData\Roaming\Python\Python312\site-packages\pymysql\connections.py", line 575, in query
    self._affected_rows = self._read_query_result(unbuffered=unbuffered)
                          ^^^^^^^^^^^^^^^^^^^^^^^^^^^^^^^^^^^^^^^^^^^^^^
  File "C:\Users\21261\AppData\Roaming\Python\Python312\site-packages\pymysql\connections.py", line 826, in _read_query_result
    result.read()
  File "C:\Users\21261\AppData\Roaming\Python\Python312\site-packages\pymysql\connections.py", line 1203, in read
    first_packet = self.connection._read_packet()
                   ^^^^^^^^^^^^^^^^^^^^^^^^^^^^^^
  File "C:\Users\21261\AppData\Roaming\Python\Python312\site-packages\pymysql\connections.py", line 782, in _read_packet
    packet.raise_for_error()
  File "C:\Users\21261\AppData\Roaming\Python\Python312\site-packages\pymysql\protocol.py", line 219, in raise_for_error
    err.raise_mysql_exception(self._data)
  File "C:\Users\21261\AppData\Roaming\Python\Python312\site-packages\pymysql\err.py", line 150, in raise_mysql_exception
    raise errorclass(errno, errval)
sqlalchemy.exc.OperationalError: (pymysql.err.OperationalError) (1054, "Unknown column 'rapports.status' in 'field list'")
[SQL: SELECT count(*) AS count_1 
FROM (SELECT rapports.id AS rapports_id, rapports.auteur_id AS rapports_auteur_id, rapports.titre AS rapports_titre, rapports.filename AS rapports_filename, rapports.storage_path AS rapports_storage_path, rapports.status AS rapports_status, rapports.created_at AS rapports_created_at 
FROM rapports INNER JOIN soutenances ON soutenances.rapport_id = rapports.id INNER JOIN juries ON juries.soutenance_id = soutenances.id 
WHERE juries.teacher_id = %(teacher_id_1)s) AS anon_1]
[parameters: {'teacher_id_1': '3'}]
(Background on this error at: https://sqlalche.me/e/20/e3q8)

==================================================
Error in get_dashboard_data: (pymysql.err.OperationalError) (1054, "Unknown column 'rapports.status' in 'field list'")
[SQL: SELECT count(*) AS count_1 
FROM (SELECT rapports.id AS rapports_id, rapports.auteur_id AS rapports_auteur_id, rapports.titre AS rapports_titre, rapports.filename AS rapports_filename, rapports.storage_path AS rapports_storage_path, rapports.status AS rapports_status, rapports.created_at AS rapports_created_at 
FROM rapports INNER JOIN soutenances ON soutenances.rapport_id = rapports.id INNER JOIN juries ON juries.soutenance_id = soutenances.id 
WHERE juries.teacher_id = %(teacher_id_1)s) AS anon_1]
[parameters: {'teacher_id_1': '3'}]
(Background on this error at: https://sqlalche.me/e/20/e3q8)
Traceback (most recent call last):
  File "C:\Users\21261\AppData\Roaming\Python\Python312\site-packages\sqlalchemy\engine\base.py", line 1967, in _exec_single_context
    self.dialect.do_execute(
  File "C:\Users\21261\AppData\Roaming\Python\Python312\site-packages\sqlalchemy\engine\default.py", line 952, in do_execute
    cursor.execute(statement, parameters)
  File "C:\Users\21261\AppData\Roaming\Python\Python312\site-packages\pymysql\cursors.py", line 153, in execute
    result = self._query(query)
             ^^^^^^^^^^^^^^^^^^
  File "C:\Users\21261\AppData\Roaming\Python\Python312\site-packages\pymysql\cursors.py", line 322, in _query
    conn.query(q)
  File "C:\Users\21261\AppData\Roaming\Python\Python312\site-packages\pymysql\connections.py", line 575, in query
    self._affected_rows = self._read_query_result(unbuffered=unbuffered)
                          ^^^^^^^^^^^^^^^^^^^^^^^^^^^^^^^^^^^^^^^^^^^^^^
  File "C:\Users\21261\AppData\Roaming\Python\Python312\site-packages\pymysql\connections.py", line 826, in _read_query_result
    result.read()
  File "C:\Users\21261\AppData\Roaming\Python\Python312\site-packages\pymysql\connections.py", line 1203, in read
    first_packet = self.connection._read_packet()
                   ^^^^^^^^^^^^^^^^^^^^^^^^^^^^^^
  File "C:\Users\21261\AppData\Roaming\Python\Python312\site-packages\pymysql\connections.py", line 782, in _read_packet
    packet.raise_for_error()
  File "C:\Users\21261\AppData\Roaming\Python\Python312\site-packages\pymysql\protocol.py", line 219, in raise_for_error
    err.raise_mysql_exception(self._data)
  File "C:\Users\21261\AppData\Roaming\Python\Python312\site-packages\pymysql\err.py", line 150, in raise_mysql_exception
    raise errorclass(errno, errval)
pymysql.err.OperationalError: (1054, "Unknown column 'rapports.status' in 'field list'")

The above exception was the direct cause of the following exception:

Traceback (most recent call last):
  File "C:\Users\21261\python-project-\Back-end\app\api\jury_dashboard_routes.py", line 48, in get_dashboard_data
    kpis = jury_dashboard_service.get_dashboard_stats(current_user_id)
           ^^^^^^^^^^^^^^^^^^^^^^^^^^^^^^^^^^^^^^^^^^^^^^^^^^^^^^^^^^^
  File "C:\Users\21261\python-project-\Back-end\app\services\jury_dashboard_service.py", line 23, in get_dashboard_stats
    total_assigned = assigned_query.count()
                     ^^^^^^^^^^^^^^^^^^^^^^
  File "C:\Users\21261\AppData\Roaming\Python\Python312\site-packages\sqlalchemy\orm\query.py", line 3146, in count
    self._legacy_from_self(col).enable_eagerloads(False).scalar()
  File "C:\Users\21261\AppData\Roaming\Python\Python312\site-packages\sqlalchemy\orm\query.py", line 2835, in scalar
    ret = self.one()
          ^^^^^^^^^^
  File "C:\Users\21261\AppData\Roaming\Python\Python312\site-packages\sqlalchemy\orm\query.py", line 2808, in one
    return self._iter().one()  # type: ignore
           ^^^^^^^^^^^^
  File "C:\Users\21261\AppData\Roaming\Python\Python312\site-packages\sqlalchemy\orm\query.py", line 2857, in _iter
    result: Union[ScalarResult[_T], Result[_T]] = self.session.execute(
                                                  ^^^^^^^^^^^^^^^^^^^^^
  File "C:\Users\21261\AppData\Roaming\Python\Python312\site-packages\sqlalchemy\orm\session.py", line 2351, in execute
    return self._execute_internal(
           ^^^^^^^^^^^^^^^^^^^^^^^
  File "C:\Users\21261\AppData\Roaming\Python\Python312\site-packages\sqlalchemy\orm\session.py", line 2249, in _execute_internal
    result: Result[Any] = compile_state_cls.orm_execute_statement(
                          ^^^^^^^^^^^^^^^^^^^^^^^^^^^^^^^^^^^^^^^^
  File "C:\Users\21261\AppData\Roaming\Python\Python312\site-packages\sqlalchemy\orm\context.py", line 306, in orm_execute_statement
    result = conn.execute(
             ^^^^^^^^^^^^^
  File "C:\Users\21261\AppData\Roaming\Python\Python312\site-packages\sqlalchemy\engine\base.py", line 1419, in execute
    return meth(
           ^^^^^
  File "C:\Users\21261\AppData\Roaming\Python\Python312\site-packages\sqlalchemy\sql\elements.py", line 527, in _execute_on_connection
    return connection._execute_clauseelement(
           ^^^^^^^^^^^^^^^^^^^^^^^^^^^^^^^^^^
  File "C:\Users\21261\AppData\Roaming\Python\Python312\site-packages\sqlalchemy\engine\base.py", line 1641, in _execute_clauseelement
    ret = self._execute_context(
          ^^^^^^^^^^^^^^^^^^^^^^
  File "C:\Users\21261\AppData\Roaming\Python\Python312\site-packages\sqlalchemy\engine\base.py", line 1846, in _execute_context
    return self._exec_single_context(
           ^^^^^^^^^^^^^^^^^^^^^^^^^^
  File "C:\Users\21261\AppData\Roaming\Python\Python312\site-packages\sqlalchemy\engine\base.py", line 1986, in _exec_single_context
    self._handle_dbapi_exception(
  File "C:\Users\21261\AppData\Roaming\Python\Python312\site-packages\sqlalchemy\engine\base.py", line 2363, in _handle_dbapi_exception
    raise sqlalchemy_exception.with_traceback(exc_info[2]) from e
  File "C:\Users\21261\AppData\Roaming\Python\Python312\site-packages\sqlalchemy\engine\base.py", line 1967, in _exec_single_context
    self.dialect.do_execute(
  File "C:\Users\21261\AppData\Roaming\Python\Python312\site-packages\sqlalchemy\engine\default.py", line 952, in do_execute
    cursor.execute(statement, parameters)
  File "C:\Users\21261\AppData\Roaming\Python\Python312\site-packages\pymysql\cursors.py", line 153, in execute
    result = self._query(query)
             ^^^^^^^^^^^^^^^^^^
  File "C:\Users\21261\AppData\Roaming\Python\Python312\site-packages\pymysql\cursors.py", line 322, in _query
    conn.query(q)
  File "C:\Users\21261\AppData\Roaming\Python\Python312\site-packages\pymysql\connections.py", line 575, in query
    self._affected_rows = self._read_query_result(unbuffered=unbuffered)
                          ^^^^^^^^^^^^^^^^^^^^^^^^^^^^^^^^^^^^^^^^^^^^^^
  File "C:\Users\21261\AppData\Roaming\Python\Python312\site-packages\pymysql\connections.py", line 826, in _read_query_result
    result.read()
  File "C:\Users\21261\AppData\Roaming\Python\Python312\site-packages\pymysql\connections.py", line 1203, in read
    first_packet = self.connection._read_packet()
                   ^^^^^^^^^^^^^^^^^^^^^^^^^^^^^^
  File "C:\Users\21261\AppData\Roaming\Python\Python312\site-packages\pymysql\connections.py", line 782, in _read_packet
    packet.raise_for_error()
  File "C:\Users\21261\AppData\Roaming\Python\Python312\site-packages\pymysql\protocol.py", line 219, in raise_for_error
    err.raise_mysql_exception(self._data)
  File "C:\Users\21261\AppData\Roaming\Python\Python312\site-packages\pymysql\err.py", line 150, in raise_mysql_exception
    raise errorclass(errno, errval)
sqlalchemy.exc.OperationalError: (pymysql.err.OperationalError) (1054, "Unknown column 'rapports.status' in 'field list'")
[SQL: SELECT count(*) AS count_1 
FROM (SELECT rapports.id AS rapports_id, rapports.auteur_id AS rapports_auteur_id, rapports.titre AS rapports_titre, rapports.filename AS rapports_filename, rapports.storage_path AS rapports_storage_path, rapports.status AS rapports_status, rapports.created_at AS rapports_created_at 
FROM rapports INNER JOIN soutenances ON soutenances.rapport_id = rapports.id INNER JOIN juries ON juries.soutenance_id = soutenances.id 
WHERE juries.teacher_id = %(teacher_id_1)s) AS anon_1]
[parameters: {'teacher_id_1': '3'}]
(Background on this error at: https://sqlalche.me/e/20/e3q8)

==================================================
Error in get_dashboard_data: (pymysql.err.OperationalError) (1054, "Unknown column 'rapports.status' in 'field list'")
[SQL: SELECT count(*) AS count_1 
FROM (SELECT rapports.id AS rapports_id, rapports.auteur_id AS rapports_auteur_id, rapports.titre AS rapports_titre, rapports.filename AS rapports_filename, rapports.storage_path AS rapports_storage_path, rapports.status AS rapports_status, rapports.created_at AS rapports_created_at 
FROM rapports INNER JOIN soutenances ON soutenances.rapport_id = rapports.id INNER JOIN juries ON juries.soutenance_id = soutenances.id 
WHERE juries.teacher_id = %(teacher_id_1)s) AS anon_1]
[parameters: {'teacher_id_1': '3'}]
(Background on this error at: https://sqlalche.me/e/20/e3q8)
Traceback (most recent call last):
  File "C:\Users\21261\AppData\Roaming\Python\Python312\site-packages\sqlalchemy\engine\base.py", line 1967, in _exec_single_context
    self.dialect.do_execute(
  File "C:\Users\21261\AppData\Roaming\Python\Python312\site-packages\sqlalchemy\engine\default.py", line 952, in do_execute
    cursor.execute(statement, parameters)
  File "C:\Users\21261\AppData\Roaming\Python\Python312\site-packages\pymysql\cursors.py", line 153, in execute
    result = self._query(query)
             ^^^^^^^^^^^^^^^^^^
  File "C:\Users\21261\AppData\Roaming\Python\Python312\site-packages\pymysql\cursors.py", line 322, in _query
    conn.query(q)
  File "C:\Users\21261\AppData\Roaming\Python\Python312\site-packages\pymysql\connections.py", line 575, in query
    self._affected_rows = self._read_query_result(unbuffered=unbuffered)
                          ^^^^^^^^^^^^^^^^^^^^^^^^^^^^^^^^^^^^^^^^^^^^^^
  File "C:\Users\21261\AppData\Roaming\Python\Python312\site-packages\pymysql\connections.py", line 826, in _read_query_result
    result.read()
  File "C:\Users\21261\AppData\Roaming\Python\Python312\site-packages\pymysql\connections.py", line 1203, in read
    first_packet = self.connection._read_packet()
                   ^^^^^^^^^^^^^^^^^^^^^^^^^^^^^^
  File "C:\Users\21261\AppData\Roaming\Python\Python312\site-packages\pymysql\connections.py", line 782, in _read_packet
    packet.raise_for_error()
  File "C:\Users\21261\AppData\Roaming\Python\Python312\site-packages\pymysql\protocol.py", line 219, in raise_for_error
    err.raise_mysql_exception(self._data)
  File "C:\Users\21261\AppData\Roaming\Python\Python312\site-packages\pymysql\err.py", line 150, in raise_mysql_exception
    raise errorclass(errno, errval)
pymysql.err.OperationalError: (1054, "Unknown column 'rapports.status' in 'field list'")

The above exception was the direct cause of the following exception:

Traceback (most recent call last):
  File "C:\Users\21261\python-project-\Back-end\app\api\jury_dashboard_routes.py", line 48, in get_dashboard_data
    kpis = jury_dashboard_service.get_dashboard_stats(current_user_id)
           ^^^^^^^^^^^^^^^^^^^^^^^^^^^^^^^^^^^^^^^^^^^^^^^^^^^^^^^^^^^
  File "C:\Users\21261\python-project-\Back-end\app\services\jury_dashboard_service.py", line 23, in get_dashboard_stats
    total_assigned = assigned_query.count()
                     ^^^^^^^^^^^^^^^^^^^^^^
  File "C:\Users\21261\AppData\Roaming\Python\Python312\site-packages\sqlalchemy\orm\query.py", line 3146, in count
    self._legacy_from_self(col).enable_eagerloads(False).scalar()
  File "C:\Users\21261\AppData\Roaming\Python\Python312\site-packages\sqlalchemy\orm\query.py", line 2835, in scalar
    ret = self.one()
          ^^^^^^^^^^
  File "C:\Users\21261\AppData\Roaming\Python\Python312\site-packages\sqlalchemy\orm\query.py", line 2808, in one
    return self._iter().one()  # type: ignore
           ^^^^^^^^^^^^
  File "C:\Users\21261\AppData\Roaming\Python\Python312\site-packages\sqlalchemy\orm\query.py", line 2857, in _iter
    result: Union[ScalarResult[_T], Result[_T]] = self.session.execute(
                                                  ^^^^^^^^^^^^^^^^^^^^^
  File "C:\Users\21261\AppData\Roaming\Python\Python312\site-packages\sqlalchemy\orm\session.py", line 2351, in execute
    return self._execute_internal(
           ^^^^^^^^^^^^^^^^^^^^^^^
  File "C:\Users\21261\AppData\Roaming\Python\Python312\site-packages\sqlalchemy\orm\session.py", line 2249, in _execute_internal
    result: Result[Any] = compile_state_cls.orm_execute_statement(
                          ^^^^^^^^^^^^^^^^^^^^^^^^^^^^^^^^^^^^^^^^
  File "C:\Users\21261\AppData\Roaming\Python\Python312\site-packages\sqlalchemy\orm\context.py", line 306, in orm_execute_statement
    result = conn.execute(
             ^^^^^^^^^^^^^
  File "C:\Users\21261\AppData\Roaming\Python\Python312\site-packages\sqlalchemy\engine\base.py", line 1419, in execute
    return meth(
           ^^^^^
  File "C:\Users\21261\AppData\Roaming\Python\Python312\site-packages\sqlalchemy\sql\elements.py", line 527, in _execute_on_connection
    return connection._execute_clauseelement(
           ^^^^^^^^^^^^^^^^^^^^^^^^^^^^^^^^^^
  File "C:\Users\21261\AppData\Roaming\Python\Python312\site-packages\sqlalchemy\engine\base.py", line 1641, in _execute_clauseelement
    ret = self._execute_context(
          ^^^^^^^^^^^^^^^^^^^^^^
  File "C:\Users\21261\AppData\Roaming\Python\Python312\site-packages\sqlalchemy\engine\base.py", line 1846, in _execute_context
    return self._exec_single_context(
           ^^^^^^^^^^^^^^^^^^^^^^^^^^
  File "C:\Users\21261\AppData\Roaming\Python\Python312\site-packages\sqlalchemy\engine\base.py", line 1986, in _exec_single_context
    self._handle_dbapi_exception(
  File "C:\Users\21261\AppData\Roaming\Python\Python312\site-packages\sqlalchemy\engine\base.py", line 2363, in _handle_dbapi_exception
    raise sqlalchemy_exception.with_traceback(exc_info[2]) from e
  File "C:\Users\21261\AppData\Roaming\Python\Python312\site-packages\sqlalchemy\engine\base.py", line 1967, in _exec_single_context
    self.dialect.do_execute(
  File "C:\Users\21261\AppData\Roaming\Python\Python312\site-packages\sqlalchemy\engine\default.py", line 952, in do_execute
    cursor.execute(statement, parameters)
  File "C:\Users\21261\AppData\Roaming\Python\Python312\site-packages\pymysql\cursors.py", line 153, in execute
    result = self._query(query)
             ^^^^^^^^^^^^^^^^^^
  File "C:\Users\21261\AppData\Roaming\Python\Python312\site-packages\pymysql\cursors.py", line 322, in _query
    conn.query(q)
  File "C:\Users\21261\AppData\Roaming\Python\Python312\site-packages\pymysql\connections.py", line 575, in query
    self._affected_rows = self._read_query_result(unbuffered=unbuffered)
                          ^^^^^^^^^^^^^^^^^^^^^^^^^^^^^^^^^^^^^^^^^^^^^^
  File "C:\Users\21261\AppData\Roaming\Python\Python312\site-packages\pymysql\connections.py", line 826, in _read_query_result
    result.read()
  File "C:\Users\21261\AppData\Roaming\Python\Python312\site-packages\pymysql\connections.py", line 1203, in read
    first_packet = self.connection._read_packet()
                   ^^^^^^^^^^^^^^^^^^^^^^^^^^^^^^
  File "C:\Users\21261\AppData\Roaming\Python\Python312\site-packages\pymysql\connections.py", line 782, in _read_packet
    packet.raise_for_error()
  File "C:\Users\21261\AppData\Roaming\Python\Python312\site-packages\pymysql\protocol.py", line 219, in raise_for_error
    err.raise_mysql_exception(self._data)
  File "C:\Users\21261\AppData\Roaming\Python\Python312\site-packages\pymysql\err.py", line 150, in raise_mysql_exception
    raise errorclass(errno, errval)
sqlalchemy.exc.OperationalError: (pymysql.err.OperationalError) (1054, "Unknown column 'rapports.status' in 'field list'")
[SQL: SELECT count(*) AS count_1 
FROM (SELECT rapports.id AS rapports_id, rapports.auteur_id AS rapports_auteur_id, rapports.titre AS rapports_titre, rapports.filename AS rapports_filename, rapports.storage_path AS rapports_storage_path, rapports.status AS rapports_status, rapports.created_at AS rapports_created_at 
FROM rapports INNER JOIN soutenances ON soutenances.rapport_id = rapports.id INNER JOIN juries ON juries.soutenance_id = soutenances.id 
WHERE juries.teacher_id = %(teacher_id_1)s) AS anon_1]
[parameters: {'teacher_id_1': '3'}]
(Background on this error at: https://sqlalche.me/e/20/e3q8)

==================================================
Error in get_dashboard_data: (pymysql.err.OperationalError) (1054, "Unknown column 'rapports.status' in 'field list'")
[SQL: SELECT count(*) AS count_1 
FROM (SELECT rapports.id AS rapports_id, rapports.auteur_id AS rapports_auteur_id, rapports.titre AS rapports_titre, rapports.filename AS rapports_filename, rapports.storage_path AS rapports_storage_path, rapports.status AS rapports_status, rapports.created_at AS rapports_created_at 
FROM rapports INNER JOIN soutenances ON soutenances.rapport_id = rapports.id INNER JOIN juries ON juries.soutenance_id = soutenances.id 
WHERE juries.teacher_id = %(teacher_id_1)s) AS anon_1]
[parameters: {'teacher_id_1': '3'}]
(Background on this error at: https://sqlalche.me/e/20/e3q8)
Traceback (most recent call last):
  File "C:\Users\21261\AppData\Roaming\Python\Python312\site-packages\sqlalchemy\engine\base.py", line 1967, in _exec_single_context
    self.dialect.do_execute(
  File "C:\Users\21261\AppData\Roaming\Python\Python312\site-packages\sqlalchemy\engine\default.py", line 952, in do_execute
    cursor.execute(statement, parameters)
  File "C:\Users\21261\AppData\Roaming\Python\Python312\site-packages\pymysql\cursors.py", line 153, in execute
    result = self._query(query)
             ^^^^^^^^^^^^^^^^^^
  File "C:\Users\21261\AppData\Roaming\Python\Python312\site-packages\pymysql\cursors.py", line 322, in _query
    conn.query(q)
  File "C:\Users\21261\AppData\Roaming\Python\Python312\site-packages\pymysql\connections.py", line 575, in query
    self._affected_rows = self._read_query_result(unbuffered=unbuffered)
                          ^^^^^^^^^^^^^^^^^^^^^^^^^^^^^^^^^^^^^^^^^^^^^^
  File "C:\Users\21261\AppData\Roaming\Python\Python312\site-packages\pymysql\connections.py", line 826, in _read_query_result
    result.read()
  File "C:\Users\21261\AppData\Roaming\Python\Python312\site-packages\pymysql\connections.py", line 1203, in read
    first_packet = self.connection._read_packet()
                   ^^^^^^^^^^^^^^^^^^^^^^^^^^^^^^
  File "C:\Users\21261\AppData\Roaming\Python\Python312\site-packages\pymysql\connections.py", line 782, in _read_packet
    packet.raise_for_error()
  File "C:\Users\21261\AppData\Roaming\Python\Python312\site-packages\pymysql\protocol.py", line 219, in raise_for_error
    err.raise_mysql_exception(self._data)
  File "C:\Users\21261\AppData\Roaming\Python\Python312\site-packages\pymysql\err.py", line 150, in raise_mysql_exception
    raise errorclass(errno, errval)
pymysql.err.OperationalError: (1054, "Unknown column 'rapports.status' in 'field list'")

The above exception was the direct cause of the following exception:

Traceback (most recent call last):
  File "C:\Users\21261\python-project-\Back-end\app\api\jury_dashboard_routes.py", line 48, in get_dashboard_data
    kpis = jury_dashboard_service.get_dashboard_stats(current_user_id)
           ^^^^^^^^^^^^^^^^^^^^^^^^^^^^^^^^^^^^^^^^^^^^^^^^^^^^^^^^^^^
  File "C:\Users\21261\python-project-\Back-end\app\services\jury_dashboard_service.py", line 23, in get_dashboard_stats
    total_assigned = assigned_query.count()
                     ^^^^^^^^^^^^^^^^^^^^^^
  File "C:\Users\21261\AppData\Roaming\Python\Python312\site-packages\sqlalchemy\orm\query.py", line 3146, in count
    self._legacy_from_self(col).enable_eagerloads(False).scalar()
  File "C:\Users\21261\AppData\Roaming\Python\Python312\site-packages\sqlalchemy\orm\query.py", line 2835, in scalar
    ret = self.one()
          ^^^^^^^^^^
  File "C:\Users\21261\AppData\Roaming\Python\Python312\site-packages\sqlalchemy\orm\query.py", line 2808, in one
    return self._iter().one()  # type: ignore
           ^^^^^^^^^^^^
  File "C:\Users\21261\AppData\Roaming\Python\Python312\site-packages\sqlalchemy\orm\query.py", line 2857, in _iter
    result: Union[ScalarResult[_T], Result[_T]] = self.session.execute(
                                                  ^^^^^^^^^^^^^^^^^^^^^
  File "C:\Users\21261\AppData\Roaming\Python\Python312\site-packages\sqlalchemy\orm\session.py", line 2351, in execute
    return self._execute_internal(
           ^^^^^^^^^^^^^^^^^^^^^^^
  File "C:\Users\21261\AppData\Roaming\Python\Python312\site-packages\sqlalchemy\orm\session.py", line 2249, in _execute_internal
    result: Result[Any] = compile_state_cls.orm_execute_statement(
                          ^^^^^^^^^^^^^^^^^^^^^^^^^^^^^^^^^^^^^^^^
  File "C:\Users\21261\AppData\Roaming\Python\Python312\site-packages\sqlalchemy\orm\context.py", line 306, in orm_execute_statement
    result = conn.execute(
             ^^^^^^^^^^^^^
  File "C:\Users\21261\AppData\Roaming\Python\Python312\site-packages\sqlalchemy\engine\base.py", line 1419, in execute
    return meth(
           ^^^^^
  File "C:\Users\21261\AppData\Roaming\Python\Python312\site-packages\sqlalchemy\sql\elements.py", line 527, in _execute_on_connection
    return connection._execute_clauseelement(
           ^^^^^^^^^^^^^^^^^^^^^^^^^^^^^^^^^^
  File "C:\Users\21261\AppData\Roaming\Python\Python312\site-packages\sqlalchemy\engine\base.py", line 1641, in _execute_clauseelement
    ret = self._execute_context(
          ^^^^^^^^^^^^^^^^^^^^^^
  File "C:\Users\21261\AppData\Roaming\Python\Python312\site-packages\sqlalchemy\engine\base.py", line 1846, in _execute_context
    return self._exec_single_context(
           ^^^^^^^^^^^^^^^^^^^^^^^^^^
  File "C:\Users\21261\AppData\Roaming\Python\Python312\site-packages\sqlalchemy\engine\base.py", line 1986, in _exec_single_context
    self._handle_dbapi_exception(
  File "C:\Users\21261\AppData\Roaming\Python\Python312\site-packages\sqlalchemy\engine\base.py", line 2363, in _handle_dbapi_exception
    raise sqlalchemy_exception.with_traceback(exc_info[2]) from e
  File "C:\Users\21261\AppData\Roaming\Python\Python312\site-packages\sqlalchemy\engine\base.py", line 1967, in _exec_single_context
    self.dialect.do_execute(
  File "C:\Users\21261\AppData\Roaming\Python\Python312\site-packages\sqlalchemy\engine\default.py", line 952, in do_execute
    cursor.execute(statement, parameters)
  File "C:\Users\21261\AppData\Roaming\Python\Python312\site-packages\pymysql\cursors.py", line 153, in execute
    result = self._query(query)
             ^^^^^^^^^^^^^^^^^^
  File "C:\Users\21261\AppData\Roaming\Python\Python312\site-packages\pymysql\cursors.py", line 322, in _query
    conn.query(q)
  File "C:\Users\21261\AppData\Roaming\Python\Python312\site-packages\pymysql\connections.py", line 575, in query
    self._affected_rows = self._read_query_result(unbuffered=unbuffered)
                          ^^^^^^^^^^^^^^^^^^^^^^^^^^^^^^^^^^^^^^^^^^^^^^
  File "C:\Users\21261\AppData\Roaming\Python\Python312\site-packages\pymysql\connections.py", line 826, in _read_query_result
    result.read()
  File "C:\Users\21261\AppData\Roaming\Python\Python312\site-packages\pymysql\connections.py", line 1203, in read
    first_packet = self.connection._read_packet()
                   ^^^^^^^^^^^^^^^^^^^^^^^^^^^^^^
  File "C:\Users\21261\AppData\Roaming\Python\Python312\site-packages\pymysql\connections.py", line 782, in _read_packet
    packet.raise_for_error()
  File "C:\Users\21261\AppData\Roaming\Python\Python312\site-packages\pymysql\protocol.py", line 219, in raise_for_error
    err.raise_mysql_exception(self._data)
  File "C:\Users\21261\AppData\Roaming\Python\Python312\site-packages\pymysql\err.py", line 150, in raise_mysql_exception
    raise errorclass(errno, errval)
sqlalchemy.exc.OperationalError: (pymysql.err.OperationalError) (1054, "Unknown column 'rapports.status' in 'field list'")
[SQL: SELECT count(*) AS count_1 
FROM (SELECT rapports.id AS rapports_id, rapports.auteur_id AS rapports_auteur_id, rapports.titre AS rapports_titre, rapports.filename AS rapports_filename, rapports.storage_path AS rapports_storage_path, rapports.status AS rapports_status, rapports.created_at AS rapports_created_at 
FROM rapports INNER JOIN soutenances ON soutenances.rapport_id = rapports.id INNER JOIN juries ON juries.soutenance_id = soutenances.id 
WHERE juries.teacher_id = %(teacher_id_1)s) AS anon_1]
[parameters: {'teacher_id_1': '3'}]
(Background on this error at: https://sqlalche.me/e/20/e3q8)

==================================================
Error in get_dashboard_data: (pymysql.err.OperationalError) (1054, "Unknown column 'rapports.status' in 'field list'")
[SQL: SELECT count(*) AS count_1 
FROM (SELECT rapports.id AS rapports_id, rapports.auteur_id AS rapports_auteur_id, rapports.titre AS rapports_titre, rapports.filename AS rapports_filename, rapports.storage_path AS rapports_storage_path, rapports.status AS rapports_status, rapports.created_at AS rapports_created_at 
FROM rapports INNER JOIN soutenances ON soutenances.rapport_id = rapports.id INNER JOIN juries ON juries.soutenance_id = soutenances.id 
WHERE juries.teacher_id = %(teacher_id_1)s) AS anon_1]
[parameters: {'teacher_id_1': '3'}]
(Background on this error at: https://sqlalche.me/e/20/e3q8)
Traceback (most recent call last):
  File "C:\Users\21261\AppData\Roaming\Python\Python312\site-packages\sqlalchemy\engine\base.py", line 1967, in _exec_single_context
    self.dialect.do_execute(
  File "C:\Users\21261\AppData\Roaming\Python\Python312\site-packages\sqlalchemy\engine\default.py", line 952, in do_execute
    cursor.execute(statement, parameters)
  File "C:\Users\21261\AppData\Roaming\Python\Python312\site-packages\pymysql\cursors.py", line 153, in execute
    result = self._query(query)
             ^^^^^^^^^^^^^^^^^^
  File "C:\Users\21261\AppData\Roaming\Python\Python312\site-packages\pymysql\cursors.py", line 322, in _query
    conn.query(q)
  File "C:\Users\21261\AppData\Roaming\Python\Python312\site-packages\pymysql\connections.py", line 575, in query
    self._affected_rows = self._read_query_result(unbuffered=unbuffered)
                          ^^^^^^^^^^^^^^^^^^^^^^^^^^^^^^^^^^^^^^^^^^^^^^
  File "C:\Users\21261\AppData\Roaming\Python\Python312\site-packages\pymysql\connections.py", line 826, in _read_query_result
    result.read()
  File "C:\Users\21261\AppData\Roaming\Python\Python312\site-packages\pymysql\connections.py", line 1203, in read
    first_packet = self.connection._read_packet()
                   ^^^^^^^^^^^^^^^^^^^^^^^^^^^^^^
  File "C:\Users\21261\AppData\Roaming\Python\Python312\site-packages\pymysql\connections.py", line 782, in _read_packet
    packet.raise_for_error()
  File "C:\Users\21261\AppData\Roaming\Python\Python312\site-packages\pymysql\protocol.py", line 219, in raise_for_error
    err.raise_mysql_exception(self._data)
  File "C:\Users\21261\AppData\Roaming\Python\Python312\site-packages\pymysql\err.py", line 150, in raise_mysql_exception
    raise errorclass(errno, errval)
pymysql.err.OperationalError: (1054, "Unknown column 'rapports.status' in 'field list'")

The above exception was the direct cause of the following exception:

Traceback (most recent call last):
  File "C:\Users\21261\python-project-\Back-end\app\api\jury_dashboard_routes.py", line 48, in get_dashboard_data
    kpis = jury_dashboard_service.get_dashboard_stats(current_user_id)
           ^^^^^^^^^^^^^^^^^^^^^^^^^^^^^^^^^^^^^^^^^^^^^^^^^^^^^^^^^^^
  File "C:\Users\21261\python-project-\Back-end\app\services\jury_dashboard_service.py", line 23, in get_dashboard_stats
    total_assigned = assigned_query.count()
                     ^^^^^^^^^^^^^^^^^^^^^^
  File "C:\Users\21261\AppData\Roaming\Python\Python312\site-packages\sqlalchemy\orm\query.py", line 3146, in count
    self._legacy_from_self(col).enable_eagerloads(False).scalar()
  File "C:\Users\21261\AppData\Roaming\Python\Python312\site-packages\sqlalchemy\orm\query.py", line 2835, in scalar
    ret = self.one()
          ^^^^^^^^^^
  File "C:\Users\21261\AppData\Roaming\Python\Python312\site-packages\sqlalchemy\orm\query.py", line 2808, in one
    return self._iter().one()  # type: ignore
           ^^^^^^^^^^^^
  File "C:\Users\21261\AppData\Roaming\Python\Python312\site-packages\sqlalchemy\orm\query.py", line 2857, in _iter
    result: Union[ScalarResult[_T], Result[_T]] = self.session.execute(
                                                  ^^^^^^^^^^^^^^^^^^^^^
  File "C:\Users\21261\AppData\Roaming\Python\Python312\site-packages\sqlalchemy\orm\session.py", line 2351, in execute
    return self._execute_internal(
           ^^^^^^^^^^^^^^^^^^^^^^^
  File "C:\Users\21261\AppData\Roaming\Python\Python312\site-packages\sqlalchemy\orm\session.py", line 2249, in _execute_internal
    result: Result[Any] = compile_state_cls.orm_execute_statement(
                          ^^^^^^^^^^^^^^^^^^^^^^^^^^^^^^^^^^^^^^^^
  File "C:\Users\21261\AppData\Roaming\Python\Python312\site-packages\sqlalchemy\orm\context.py", line 306, in orm_execute_statement
    result = conn.execute(
             ^^^^^^^^^^^^^
  File "C:\Users\21261\AppData\Roaming\Python\Python312\site-packages\sqlalchemy\engine\base.py", line 1419, in execute
    return meth(
           ^^^^^
  File "C:\Users\21261\AppData\Roaming\Python\Python312\site-packages\sqlalchemy\sql\elements.py", line 527, in _execute_on_connection
    return connection._execute_clauseelement(
           ^^^^^^^^^^^^^^^^^^^^^^^^^^^^^^^^^^
  File "C:\Users\21261\AppData\Roaming\Python\Python312\site-packages\sqlalchemy\engine\base.py", line 1641, in _execute_clauseelement
    ret = self._execute_context(
          ^^^^^^^^^^^^^^^^^^^^^^
  File "C:\Users\21261\AppData\Roaming\Python\Python312\site-packages\sqlalchemy\engine\base.py", line 1846, in _execute_context
    return self._exec_single_context(
           ^^^^^^^^^^^^^^^^^^^^^^^^^^
  File "C:\Users\21261\AppData\Roaming\Python\Python312\site-packages\sqlalchemy\engine\base.py", line 1986, in _exec_single_context
    self._handle_dbapi_exception(
  File "C:\Users\21261\AppData\Roaming\Python\Python312\site-packages\sqlalchemy\engine\base.py", line 2363, in _handle_dbapi_exception
    raise sqlalchemy_exception.with_traceback(exc_info[2]) from e
  File "C:\Users\21261\AppData\Roaming\Python\Python312\site-packages\sqlalchemy\engine\base.py", line 1967, in _exec_single_context
    self.dialect.do_execute(
  File "C:\Users\21261\AppData\Roaming\Python\Python312\site-packages\sqlalchemy\engine\default.py", line 952, in do_execute
    cursor.execute(statement, parameters)
  File "C:\Users\21261\AppData\Roaming\Python\Python312\site-packages\pymysql\cursors.py", line 153, in execute
    result = self._query(query)
             ^^^^^^^^^^^^^^^^^^
  File "C:\Users\21261\AppData\Roaming\Python\Python312\site-packages\pymysql\cursors.py", line 322, in _query
    conn.query(q)
  File "C:\Users\21261\AppData\Roaming\Python\Python312\site-packages\pymysql\connections.py", line 575, in query
    self._affected_rows = self._read_query_result(unbuffered=unbuffered)
                          ^^^^^^^^^^^^^^^^^^^^^^^^^^^^^^^^^^^^^^^^^^^^^^
  File "C:\Users\21261\AppData\Roaming\Python\Python312\site-packages\pymysql\connections.py", line 826, in _read_query_result
    result.read()
  File "C:\Users\21261\AppData\Roaming\Python\Python312\site-packages\pymysql\connections.py", line 1203, in read
    first_packet = self.connection._read_packet()
                   ^^^^^^^^^^^^^^^^^^^^^^^^^^^^^^
  File "C:\Users\21261\AppData\Roaming\Python\Python312\site-packages\pymysql\connections.py", line 782, in _read_packet
    packet.raise_for_error()
  File "C:\Users\21261\AppData\Roaming\Python\Python312\site-packages\pymysql\protocol.py", line 219, in raise_for_error
    err.raise_mysql_exception(self._data)
  File "C:\Users\21261\AppData\Roaming\Python\Python312\site-packages\pymysql\err.py", line 150, in raise_mysql_exception
    raise errorclass(errno, errval)
sqlalchemy.exc.OperationalError: (pymysql.err.OperationalError) (1054, "Unknown column 'rapports.status' in 'field list'")
[SQL: SELECT count(*) AS count_1 
FROM (SELECT rapports.id AS rapports_id, rapports.auteur_id AS rapports_auteur_id, rapports.titre AS rapports_titre, rapports.filename AS rapports_filename, rapports.storage_path AS rapports_storage_path, rapports.status AS rapports_status, rapports.created_at AS rapports_created_at 
FROM rapports INNER JOIN soutenances ON soutenances.rapport_id = rapports.id INNER JOIN juries ON juries.soutenance_id = soutenances.id 
WHERE juries.teacher_id = %(teacher_id_1)s) AS anon_1]
[parameters: {'teacher_id_1': '3'}]
(Background on this error at: https://sqlalche.me/e/20/e3q8)

==================================================
Error in get_dashboard_data: (pymysql.err.OperationalError) (1054, "Unknown column 'rapports.status' in 'field list'")
[SQL: SELECT count(*) AS count_1 
FROM (SELECT rapports.id AS rapports_id, rapports.auteur_id AS rapports_auteur_id, rapports.titre AS rapports_titre, rapports.filename AS rapports_filename, rapports.storage_path AS rapports_storage_path, rapports.status AS rapports_status, rapports.created_at AS rapports_created_at 
FROM rapports INNER JOIN soutenances ON soutenances.rapport_id = rapports.id INNER JOIN juries ON juries.soutenance_id = soutenances.id 
WHERE juries.teacher_id = %(teacher_id_1)s) AS anon_1]
[parameters: {'teacher_id_1': '3'}]
(Background on this error at: https://sqlalche.me/e/20/e3q8)
Traceback (most recent call last):
  File "C:\Users\21261\AppData\Roaming\Python\Python312\site-packages\sqlalchemy\engine\base.py", line 1967, in _exec_single_context
    self.dialect.do_execute(
  File "C:\Users\21261\AppData\Roaming\Python\Python312\site-packages\sqlalchemy\engine\default.py", line 952, in do_execute
    cursor.execute(statement, parameters)
  File "C:\Users\21261\AppData\Roaming\Python\Python312\site-packages\pymysql\cursors.py", line 153, in execute
    result = self._query(query)
             ^^^^^^^^^^^^^^^^^^
  File "C:\Users\21261\AppData\Roaming\Python\Python312\site-packages\pymysql\cursors.py", line 322, in _query
    conn.query(q)
  File "C:\Users\21261\AppData\Roaming\Python\Python312\site-packages\pymysql\connections.py", line 575, in query
    self._affected_rows = self._read_query_result(unbuffered=unbuffered)
                          ^^^^^^^^^^^^^^^^^^^^^^^^^^^^^^^^^^^^^^^^^^^^^^
  File "C:\Users\21261\AppData\Roaming\Python\Python312\site-packages\pymysql\connections.py", line 826, in _read_query_result
    result.read()
  File "C:\Users\21261\AppData\Roaming\Python\Python312\site-packages\pymysql\connections.py", line 1203, in read
    first_packet = self.connection._read_packet()
                   ^^^^^^^^^^^^^^^^^^^^^^^^^^^^^^
  File "C:\Users\21261\AppData\Roaming\Python\Python312\site-packages\pymysql\connections.py", line 782, in _read_packet
    packet.raise_for_error()
  File "C:\Users\21261\AppData\Roaming\Python\Python312\site-packages\pymysql\protocol.py", line 219, in raise_for_error
    err.raise_mysql_exception(self._data)
  File "C:\Users\21261\AppData\Roaming\Python\Python312\site-packages\pymysql\err.py", line 150, in raise_mysql_exception
    raise errorclass(errno, errval)
pymysql.err.OperationalError: (1054, "Unknown column 'rapports.status' in 'field list'")

The above exception was the direct cause of the following exception:

Traceback (most recent call last):
  File "C:\Users\21261\python-project-\Back-end\app\api\jury_dashboard_routes.py", line 48, in get_dashboard_data
    kpis = jury_dashboard_service.get_dashboard_stats(current_user_id)
           ^^^^^^^^^^^^^^^^^^^^^^^^^^^^^^^^^^^^^^^^^^^^^^^^^^^^^^^^^^^
  File "C:\Users\21261\python-project-\Back-end\app\services\jury_dashboard_service.py", line 23, in get_dashboard_stats
    total_assigned = assigned_query.count()
                     ^^^^^^^^^^^^^^^^^^^^^^
  File "C:\Users\21261\AppData\Roaming\Python\Python312\site-packages\sqlalchemy\orm\query.py", line 3146, in count
    self._legacy_from_self(col).enable_eagerloads(False).scalar()
  File "C:\Users\21261\AppData\Roaming\Python\Python312\site-packages\sqlalchemy\orm\query.py", line 2835, in scalar
    ret = self.one()
          ^^^^^^^^^^
  File "C:\Users\21261\AppData\Roaming\Python\Python312\site-packages\sqlalchemy\orm\query.py", line 2808, in one
    return self._iter().one()  # type: ignore
           ^^^^^^^^^^^^
  File "C:\Users\21261\AppData\Roaming\Python\Python312\site-packages\sqlalchemy\orm\query.py", line 2857, in _iter
    result: Union[ScalarResult[_T], Result[_T]] = self.session.execute(
                                                  ^^^^^^^^^^^^^^^^^^^^^
  File "C:\Users\21261\AppData\Roaming\Python\Python312\site-packages\sqlalchemy\orm\session.py", line 2351, in execute
    return self._execute_internal(
           ^^^^^^^^^^^^^^^^^^^^^^^
  File "C:\Users\21261\AppData\Roaming\Python\Python312\site-packages\sqlalchemy\orm\session.py", line 2249, in _execute_internal
    result: Result[Any] = compile_state_cls.orm_execute_statement(
                          ^^^^^^^^^^^^^^^^^^^^^^^^^^^^^^^^^^^^^^^^
  File "C:\Users\21261\AppData\Roaming\Python\Python312\site-packages\sqlalchemy\orm\context.py", line 306, in orm_execute_statement
    result = conn.execute(
             ^^^^^^^^^^^^^
  File "C:\Users\21261\AppData\Roaming\Python\Python312\site-packages\sqlalchemy\engine\base.py", line 1419, in execute
    return meth(
           ^^^^^
  File "C:\Users\21261\AppData\Roaming\Python\Python312\site-packages\sqlalchemy\sql\elements.py", line 527, in _execute_on_connection
    return connection._execute_clauseelement(
           ^^^^^^^^^^^^^^^^^^^^^^^^^^^^^^^^^^
  File "C:\Users\21261\AppData\Roaming\Python\Python312\site-packages\sqlalchemy\engine\base.py", line 1641, in _execute_clauseelement
    ret = self._execute_context(
          ^^^^^^^^^^^^^^^^^^^^^^
  File "C:\Users\21261\AppData\Roaming\Python\Python312\site-packages\sqlalchemy\engine\base.py", line 1846, in _execute_context
    return self._exec_single_context(
           ^^^^^^^^^^^^^^^^^^^^^^^^^^
  File "C:\Users\21261\AppData\Roaming\Python\Python312\site-packages\sqlalchemy\engine\base.py", line 1986, in _exec_single_context
    self._handle_dbapi_exception(
  File "C:\Users\21261\AppData\Roaming\Python\Python312\site-packages\sqlalchemy\engine\base.py", line 2363, in _handle_dbapi_exception
    raise sqlalchemy_exception.with_traceback(exc_info[2]) from e
  File "C:\Users\21261\AppData\Roaming\Python\Python312\site-packages\sqlalchemy\engine\base.py", line 1967, in _exec_single_context
    self.dialect.do_execute(
  File "C:\Users\21261\AppData\Roaming\Python\Python312\site-packages\sqlalchemy\engine\default.py", line 952, in do_execute
    cursor.execute(statement, parameters)
  File "C:\Users\21261\AppData\Roaming\Python\Python312\site-packages\pymysql\cursors.py", line 153, in execute
    result = self._query(query)
             ^^^^^^^^^^^^^^^^^^
  File "C:\Users\21261\AppData\Roaming\Python\Python312\site-packages\pymysql\cursors.py", line 322, in _query
    conn.query(q)
  File "C:\Users\21261\AppData\Roaming\Python\Python312\site-packages\pymysql\connections.py", line 575, in query
    self._affected_rows = self._read_query_result(unbuffered=unbuffered)
                          ^^^^^^^^^^^^^^^^^^^^^^^^^^^^^^^^^^^^^^^^^^^^^^
  File "C:\Users\21261\AppData\Roaming\Python\Python312\site-packages\pymysql\connections.py", line 826, in _read_query_result
    result.read()
  File "C:\Users\21261\AppData\Roaming\Python\Python312\site-packages\pymysql\connections.py", line 1203, in read
    first_packet = self.connection._read_packet()
                   ^^^^^^^^^^^^^^^^^^^^^^^^^^^^^^
  File "C:\Users\21261\AppData\Roaming\Python\Python312\site-packages\pymysql\connections.py", line 782, in _read_packet
    packet.raise_for_error()
  File "C:\Users\21261\AppData\Roaming\Python\Python312\site-packages\pymysql\protocol.py", line 219, in raise_for_error
    err.raise_mysql_exception(self._data)
  File "C:\Users\21261\AppData\Roaming\Python\Python312\site-packages\pymysql\err.py", line 150, in raise_mysql_exception
    raise errorclass(errno, errval)
sqlalchemy.exc.OperationalError: (pymysql.err.OperationalError) (1054, "Unknown column 'rapports.status' in 'field list'")
[SQL: SELECT count(*) AS count_1 
FROM (SELECT rapports.id AS rapports_id, rapports.auteur_id AS rapports_auteur_id, rapports.titre AS rapports_titre, rapports.filename AS rapports_filename, rapports.storage_path AS rapports_storage_path, rapports.status AS rapports_status, rapports.created_at AS rapports_created_at 
FROM rapports INNER JOIN soutenances ON soutenances.rapport_id = rapports.id INNER JOIN juries ON juries.soutenance_id = soutenances.id 
WHERE juries.teacher_id = %(teacher_id_1)s) AS anon_1]
[parameters: {'teacher_id_1': '3'}]
(Background on this error at: https://sqlalche.me/e/20/e3q8)

==================================================
Error in get_dashboard_data: (pymysql.err.OperationalError) (1054, "Unknown column 'rapports.status' in 'field list'")
[SQL: SELECT count(*) AS count_1 
FROM (SELECT rapports.id AS rapports_id, rapports.auteur_id AS rapports_auteur_id, rapports.titre AS rapports_titre, rapports.filename AS rapports_filename, rapports.storage_path AS rapports_storage_path, rapports.status AS rapports_status, rapports.created_at AS rapports_created_at 
FROM rapports INNER JOIN soutenances ON soutenances.rapport_id = rapports.id INNER JOIN juries ON juries.soutenance_id = soutenances.id 
WHERE juries.teacher_id = %(teacher_id_1)s) AS anon_1]
[parameters: {'teacher_id_1': '3'}]
(Background on this error at: https://sqlalche.me/e/20/e3q8)
Traceback (most recent call last):
  File "C:\Users\21261\AppData\Roaming\Python\Python312\site-packages\sqlalchemy\engine\base.py", line 1967, in _exec_single_context
    self.dialect.do_execute(
  File "C:\Users\21261\AppData\Roaming\Python\Python312\site-packages\sqlalchemy\engine\default.py", line 952, in do_execute
    cursor.execute(statement, parameters)
  File "C:\Users\21261\AppData\Roaming\Python\Python312\site-packages\pymysql\cursors.py", line 153, in execute
    result = self._query(query)
             ^^^^^^^^^^^^^^^^^^
  File "C:\Users\21261\AppData\Roaming\Python\Python312\site-packages\pymysql\cursors.py", line 322, in _query
    conn.query(q)
  File "C:\Users\21261\AppData\Roaming\Python\Python312\site-packages\pymysql\connections.py", line 575, in query
    self._affected_rows = self._read_query_result(unbuffered=unbuffered)
                          ^^^^^^^^^^^^^^^^^^^^^^^^^^^^^^^^^^^^^^^^^^^^^^
  File "C:\Users\21261\AppData\Roaming\Python\Python312\site-packages\pymysql\connections.py", line 826, in _read_query_result
    result.read()
  File "C:\Users\21261\AppData\Roaming\Python\Python312\site-packages\pymysql\connections.py", line 1203, in read
    first_packet = self.connection._read_packet()
                   ^^^^^^^^^^^^^^^^^^^^^^^^^^^^^^
  File "C:\Users\21261\AppData\Roaming\Python\Python312\site-packages\pymysql\connections.py", line 782, in _read_packet
    packet.raise_for_error()
  File "C:\Users\21261\AppData\Roaming\Python\Python312\site-packages\pymysql\protocol.py", line 219, in raise_for_error
    err.raise_mysql_exception(self._data)
  File "C:\Users\21261\AppData\Roaming\Python\Python312\site-packages\pymysql\err.py", line 150, in raise_mysql_exception
    raise errorclass(errno, errval)
pymysql.err.OperationalError: (1054, "Unknown column 'rapports.status' in 'field list'")

The above exception was the direct cause of the following exception:

Traceback (most recent call last):
  File "C:\Users\21261\python-project-\Back-end\app\api\jury_dashboard_routes.py", line 48, in get_dashboard_data
    kpis = jury_dashboard_service.get_dashboard_stats(current_user_id)
           ^^^^^^^^^^^^^^^^^^^^^^^^^^^^^^^^^^^^^^^^^^^^^^^^^^^^^^^^^^^
  File "C:\Users\21261\python-project-\Back-end\app\services\jury_dashboard_service.py", line 23, in get_dashboard_stats
    total_assigned = assigned_query.count()
                     ^^^^^^^^^^^^^^^^^^^^^^
  File "C:\Users\21261\AppData\Roaming\Python\Python312\site-packages\sqlalchemy\orm\query.py", line 3146, in count
    self._legacy_from_self(col).enable_eagerloads(False).scalar()
  File "C:\Users\21261\AppData\Roaming\Python\Python312\site-packages\sqlalchemy\orm\query.py", line 2835, in scalar
    ret = self.one()
          ^^^^^^^^^^
  File "C:\Users\21261\AppData\Roaming\Python\Python312\site-packages\sqlalchemy\orm\query.py", line 2808, in one
    return self._iter().one()  # type: ignore
           ^^^^^^^^^^^^
  File "C:\Users\21261\AppData\Roaming\Python\Python312\site-packages\sqlalchemy\orm\query.py", line 2857, in _iter
    result: Union[ScalarResult[_T], Result[_T]] = self.session.execute(
                                                  ^^^^^^^^^^^^^^^^^^^^^
  File "C:\Users\21261\AppData\Roaming\Python\Python312\site-packages\sqlalchemy\orm\session.py", line 2351, in execute
    return self._execute_internal(
           ^^^^^^^^^^^^^^^^^^^^^^^
  File "C:\Users\21261\AppData\Roaming\Python\Python312\site-packages\sqlalchemy\orm\session.py", line 2249, in _execute_internal
    result: Result[Any] = compile_state_cls.orm_execute_statement(
                          ^^^^^^^^^^^^^^^^^^^^^^^^^^^^^^^^^^^^^^^^
  File "C:\Users\21261\AppData\Roaming\Python\Python312\site-packages\sqlalchemy\orm\context.py", line 306, in orm_execute_statement
    result = conn.execute(
             ^^^^^^^^^^^^^
  File "C:\Users\21261\AppData\Roaming\Python\Python312\site-packages\sqlalchemy\engine\base.py", line 1419, in execute
    return meth(
           ^^^^^
  File "C:\Users\21261\AppData\Roaming\Python\Python312\site-packages\sqlalchemy\sql\elements.py", line 527, in _execute_on_connection
    return connection._execute_clauseelement(
           ^^^^^^^^^^^^^^^^^^^^^^^^^^^^^^^^^^
  File "C:\Users\21261\AppData\Roaming\Python\Python312\site-packages\sqlalchemy\engine\base.py", line 1641, in _execute_clauseelement
    ret = self._execute_context(
          ^^^^^^^^^^^^^^^^^^^^^^
  File "C:\Users\21261\AppData\Roaming\Python\Python312\site-packages\sqlalchemy\engine\base.py", line 1846, in _execute_context
    return self._exec_single_context(
           ^^^^^^^^^^^^^^^^^^^^^^^^^^
  File "C:\Users\21261\AppData\Roaming\Python\Python312\site-packages\sqlalchemy\engine\base.py", line 1986, in _exec_single_context
    self._handle_dbapi_exception(
  File "C:\Users\21261\AppData\Roaming\Python\Python312\site-packages\sqlalchemy\engine\base.py", line 2363, in _handle_dbapi_exception
    raise sqlalchemy_exception.with_traceback(exc_info[2]) from e
  File "C:\Users\21261\AppData\Roaming\Python\Python312\site-packages\sqlalchemy\engine\base.py", line 1967, in _exec_single_context
    self.dialect.do_execute(
  File "C:\Users\21261\AppData\Roaming\Python\Python312\site-packages\sqlalchemy\engine\default.py", line 952, in do_execute
    cursor.execute(statement, parameters)
  File "C:\Users\21261\AppData\Roaming\Python\Python312\site-packages\pymysql\cursors.py", line 153, in execute
    result = self._query(query)
             ^^^^^^^^^^^^^^^^^^
  File "C:\Users\21261\AppData\Roaming\Python\Python312\site-packages\pymysql\cursors.py", line 322, in _query
    conn.query(q)
  File "C:\Users\21261\AppData\Roaming\Python\Python312\site-packages\pymysql\connections.py", line 575, in query
    self._affected_rows = self._read_query_result(unbuffered=unbuffered)
                          ^^^^^^^^^^^^^^^^^^^^^^^^^^^^^^^^^^^^^^^^^^^^^^
  File "C:\Users\21261\AppData\Roaming\Python\Python312\site-packages\pymysql\connections.py", line 826, in _read_query_result
    result.read()
  File "C:\Users\21261\AppData\Roaming\Python\Python312\site-packages\pymysql\connections.py", line 1203, in read
    first_packet = self.connection._read_packet()
                   ^^^^^^^^^^^^^^^^^^^^^^^^^^^^^^
  File "C:\Users\21261\AppData\Roaming\Python\Python312\site-packages\pymysql\connections.py", line 782, in _read_packet
    packet.raise_for_error()
  File "C:\Users\21261\AppData\Roaming\Python\Python312\site-packages\pymysql\protocol.py", line 219, in raise_for_error
    err.raise_mysql_exception(self._data)
  File "C:\Users\21261\AppData\Roaming\Python\Python312\site-packages\pymysql\err.py", line 150, in raise_mysql_exception
    raise errorclass(errno, errval)
sqlalchemy.exc.OperationalError: (pymysql.err.OperationalError) (1054, "Unknown column 'rapports.status' in 'field list'")
[SQL: SELECT count(*) AS count_1 
FROM (SELECT rapports.id AS rapports_id, rapports.auteur_id AS rapports_auteur_id, rapports.titre AS rapports_titre, rapports.filename AS rapports_filename, rapports.storage_path AS rapports_storage_path, rapports.status AS rapports_status, rapports.created_at AS rapports_created_at 
FROM rapports INNER JOIN soutenances ON soutenances.rapport_id = rapports.id INNER JOIN juries ON juries.soutenance_id = soutenances.id 
WHERE juries.teacher_id = %(teacher_id_1)s) AS anon_1]
[parameters: {'teacher_id_1': '3'}]
(Background on this error at: https://sqlalche.me/e/20/e3q8)

==================================================
Error in get_dashboard_data: (pymysql.err.OperationalError) (1054, "Unknown column 'rapports.status' in 'field list'")
[SQL: SELECT count(*) AS count_1 
FROM (SELECT rapports.id AS rapports_id, rapports.auteur_id AS rapports_auteur_id, rapports.titre AS rapports_titre, rapports.filename AS rapports_filename, rapports.storage_path AS rapports_storage_path, rapports.status AS rapports_status, rapports.created_at AS rapports_created_at 
FROM rapports INNER JOIN soutenances ON soutenances.rapport_id = rapports.id INNER JOIN juries ON juries.soutenance_id = soutenances.id 
WHERE juries.teacher_id = %(teacher_id_1)s) AS anon_1]
[parameters: {'teacher_id_1': '3'}]
(Background on this error at: https://sqlalche.me/e/20/e3q8)
Traceback (most recent call last):
  File "C:\Users\21261\AppData\Roaming\Python\Python312\site-packages\sqlalchemy\engine\base.py", line 1967, in _exec_single_context
    self.dialect.do_execute(
  File "C:\Users\21261\AppData\Roaming\Python\Python312\site-packages\sqlalchemy\engine\default.py", line 952, in do_execute
    cursor.execute(statement, parameters)
  File "C:\Users\21261\AppData\Roaming\Python\Python312\site-packages\pymysql\cursors.py", line 153, in execute
    result = self._query(query)
             ^^^^^^^^^^^^^^^^^^
  File "C:\Users\21261\AppData\Roaming\Python\Python312\site-packages\pymysql\cursors.py", line 322, in _query
    conn.query(q)
  File "C:\Users\21261\AppData\Roaming\Python\Python312\site-packages\pymysql\connections.py", line 575, in query
    self._affected_rows = self._read_query_result(unbuffered=unbuffered)
                          ^^^^^^^^^^^^^^^^^^^^^^^^^^^^^^^^^^^^^^^^^^^^^^
  File "C:\Users\21261\AppData\Roaming\Python\Python312\site-packages\pymysql\connections.py", line 826, in _read_query_result
    result.read()
  File "C:\Users\21261\AppData\Roaming\Python\Python312\site-packages\pymysql\connections.py", line 1203, in read
    first_packet = self.connection._read_packet()
                   ^^^^^^^^^^^^^^^^^^^^^^^^^^^^^^
  File "C:\Users\21261\AppData\Roaming\Python\Python312\site-packages\pymysql\connections.py", line 782, in _read_packet
    packet.raise_for_error()
  File "C:\Users\21261\AppData\Roaming\Python\Python312\site-packages\pymysql\protocol.py", line 219, in raise_for_error
    err.raise_mysql_exception(self._data)
  File "C:\Users\21261\AppData\Roaming\Python\Python312\site-packages\pymysql\err.py", line 150, in raise_mysql_exception
    raise errorclass(errno, errval)
pymysql.err.OperationalError: (1054, "Unknown column 'rapports.status' in 'field list'")

The above exception was the direct cause of the following exception:

Traceback (most recent call last):
  File "C:\Users\21261\python-project-\Back-end\app\api\jury_dashboard_routes.py", line 48, in get_dashboard_data
    kpis = jury_dashboard_service.get_dashboard_stats(current_user_id)
           ^^^^^^^^^^^^^^^^^^^^^^^^^^^^^^^^^^^^^^^^^^^^^^^^^^^^^^^^^^^
  File "C:\Users\21261\python-project-\Back-end\app\services\jury_dashboard_service.py", line 23, in get_dashboard_stats
    total_assigned = assigned_query.count()
                     ^^^^^^^^^^^^^^^^^^^^^^
  File "C:\Users\21261\AppData\Roaming\Python\Python312\site-packages\sqlalchemy\orm\query.py", line 3146, in count
    self._legacy_from_self(col).enable_eagerloads(False).scalar()
  File "C:\Users\21261\AppData\Roaming\Python\Python312\site-packages\sqlalchemy\orm\query.py", line 2835, in scalar
    ret = self.one()
          ^^^^^^^^^^
  File "C:\Users\21261\AppData\Roaming\Python\Python312\site-packages\sqlalchemy\orm\query.py", line 2808, in one
    return self._iter().one()  # type: ignore
           ^^^^^^^^^^^^
  File "C:\Users\21261\AppData\Roaming\Python\Python312\site-packages\sqlalchemy\orm\query.py", line 2857, in _iter
    result: Union[ScalarResult[_T], Result[_T]] = self.session.execute(
                                                  ^^^^^^^^^^^^^^^^^^^^^
  File "C:\Users\21261\AppData\Roaming\Python\Python312\site-packages\sqlalchemy\orm\session.py", line 2351, in execute
    return self._execute_internal(
           ^^^^^^^^^^^^^^^^^^^^^^^
  File "C:\Users\21261\AppData\Roaming\Python\Python312\site-packages\sqlalchemy\orm\session.py", line 2249, in _execute_internal
    result: Result[Any] = compile_state_cls.orm_execute_statement(
                          ^^^^^^^^^^^^^^^^^^^^^^^^^^^^^^^^^^^^^^^^
  File "C:\Users\21261\AppData\Roaming\Python\Python312\site-packages\sqlalchemy\orm\context.py", line 306, in orm_execute_statement
    result = conn.execute(
             ^^^^^^^^^^^^^
  File "C:\Users\21261\AppData\Roaming\Python\Python312\site-packages\sqlalchemy\engine\base.py", line 1419, in execute
    return meth(
           ^^^^^
  File "C:\Users\21261\AppData\Roaming\Python\Python312\site-packages\sqlalchemy\sql\elements.py", line 527, in _execute_on_connection
    return connection._execute_clauseelement(
           ^^^^^^^^^^^^^^^^^^^^^^^^^^^^^^^^^^
  File "C:\Users\21261\AppData\Roaming\Python\Python312\site-packages\sqlalchemy\engine\base.py", line 1641, in _execute_clauseelement
    ret = self._execute_context(
          ^^^^^^^^^^^^^^^^^^^^^^
  File "C:\Users\21261\AppData\Roaming\Python\Python312\site-packages\sqlalchemy\engine\base.py", line 1846, in _execute_context
    return self._exec_single_context(
           ^^^^^^^^^^^^^^^^^^^^^^^^^^
  File "C:\Users\21261\AppData\Roaming\Python\Python312\site-packages\sqlalchemy\engine\base.py", line 1986, in _exec_single_context
    self._handle_dbapi_exception(
  File "C:\Users\21261\AppData\Roaming\Python\Python312\site-packages\sqlalchemy\engine\base.py", line 2363, in _handle_dbapi_exception
    raise sqlalchemy_exception.with_traceback(exc_info[2]) from e
  File "C:\Users\21261\AppData\Roaming\Python\Python312\site-packages\sqlalchemy\engine\base.py", line 1967, in _exec_single_context
    self.dialect.do_execute(
  File "C:\Users\21261\AppData\Roaming\Python\Python312\site-packages\sqlalchemy\engine\default.py", line 952, in do_execute
    cursor.execute(statement, parameters)
  File "C:\Users\21261\AppData\Roaming\Python\Python312\site-packages\pymysql\cursors.py", line 153, in execute
    result = self._query(query)
             ^^^^^^^^^^^^^^^^^^
  File "C:\Users\21261\AppData\Roaming\Python\Python312\site-packages\pymysql\cursors.py", line 322, in _query
    conn.query(q)
  File "C:\Users\21261\AppData\Roaming\Python\Python312\site-packages\pymysql\connections.py", line 575, in query
    self._affected_rows = self._read_query_result(unbuffered=unbuffered)
                          ^^^^^^^^^^^^^^^^^^^^^^^^^^^^^^^^^^^^^^^^^^^^^^
  File "C:\Users\21261\AppData\Roaming\Python\Python312\site-packages\pymysql\connections.py", line 826, in _read_query_result
    result.read()
  File "C:\Users\21261\AppData\Roaming\Python\Python312\site-packages\pymysql\connections.py", line 1203, in read
    first_packet = self.connection._read_packet()
                   ^^^^^^^^^^^^^^^^^^^^^^^^^^^^^^
  File "C:\Users\21261\AppData\Roaming\Python\Python312\site-packages\pymysql\connections.py", line 782, in _read_packet
    packet.raise_for_error()
  File "C:\Users\21261\AppData\Roaming\Python\Python312\site-packages\pymysql\protocol.py", line 219, in raise_for_error
    err.raise_mysql_exception(self._data)
  File "C:\Users\21261\AppData\Roaming\Python\Python312\site-packages\pymysql\err.py", line 150, in raise_mysql_exception
    raise errorclass(errno, errval)
sqlalchemy.exc.OperationalError: (pymysql.err.OperationalError) (1054, "Unknown column 'rapports.status' in 'field list'")
[SQL: SELECT count(*) AS count_1 
FROM (SELECT rapports.id AS rapports_id, rapports.auteur_id AS rapports_auteur_id, rapports.titre AS rapports_titre, rapports.filename AS rapports_filename, rapports.storage_path AS rapports_storage_path, rapports.status AS rapports_status, rapports.created_at AS rapports_created_at 
FROM rapports INNER JOIN soutenances ON soutenances.rapport_id = rapports.id INNER JOIN juries ON juries.soutenance_id = soutenances.id 
WHERE juries.teacher_id = %(teacher_id_1)s) AS anon_1]
[parameters: {'teacher_id_1': '3'}]
(Background on this error at: https://sqlalche.me/e/20/e3q8)

==================================================
Error in get_dashboard_data: (pymysql.err.OperationalError) (1054, "Unknown column 'rapports.status' in 'field list'")
[SQL: SELECT count(*) AS count_1 
FROM (SELECT rapports.id AS rapports_id, rapports.auteur_id AS rapports_auteur_id, rapports.titre AS rapports_titre, rapports.filename AS rapports_filename, rapports.storage_path AS rapports_storage_path, rapports.status AS rapports_status, rapports.created_at AS rapports_created_at 
FROM rapports INNER JOIN soutenances ON soutenances.rapport_id = rapports.id INNER JOIN juries ON juries.soutenance_id = soutenances.id 
WHERE juries.teacher_id = %(teacher_id_1)s) AS anon_1]
[parameters: {'teacher_id_1': '3'}]
(Background on this error at: https://sqlalche.me/e/20/e3q8)
Traceback (most recent call last):
  File "C:\Users\21261\AppData\Roaming\Python\Python312\site-packages\sqlalchemy\engine\base.py", line 1967, in _exec_single_context
    self.dialect.do_execute(
  File "C:\Users\21261\AppData\Roaming\Python\Python312\site-packages\sqlalchemy\engine\default.py", line 952, in do_execute
    cursor.execute(statement, parameters)
  File "C:\Users\21261\AppData\Roaming\Python\Python312\site-packages\pymysql\cursors.py", line 153, in execute
    result = self._query(query)
             ^^^^^^^^^^^^^^^^^^
  File "C:\Users\21261\AppData\Roaming\Python\Python312\site-packages\pymysql\cursors.py", line 322, in _query
    conn.query(q)
  File "C:\Users\21261\AppData\Roaming\Python\Python312\site-packages\pymysql\connections.py", line 575, in query
    self._affected_rows = self._read_query_result(unbuffered=unbuffered)
                          ^^^^^^^^^^^^^^^^^^^^^^^^^^^^^^^^^^^^^^^^^^^^^^
  File "C:\Users\21261\AppData\Roaming\Python\Python312\site-packages\pymysql\connections.py", line 826, in _read_query_result
    result.read()
  File "C:\Users\21261\AppData\Roaming\Python\Python312\site-packages\pymysql\connections.py", line 1203, in read
    first_packet = self.connection._read_packet()
                   ^^^^^^^^^^^^^^^^^^^^^^^^^^^^^^
  File "C:\Users\21261\AppData\Roaming\Python\Python312\site-packages\pymysql\connections.py", line 782, in _read_packet
    packet.raise_for_error()
  File "C:\Users\21261\AppData\Roaming\Python\Python312\site-packages\pymysql\protocol.py", line 219, in raise_for_error
    err.raise_mysql_exception(self._data)
  File "C:\Users\21261\AppData\Roaming\Python\Python312\site-packages\pymysql\err.py", line 150, in raise_mysql_exception
    raise errorclass(errno, errval)
pymysql.err.OperationalError: (1054, "Unknown column 'rapports.status' in 'field list'")

The above exception was the direct cause of the following exception:

Traceback (most recent call last):
  File "C:\Users\21261\python-project-\Back-end\app\api\jury_dashboard_routes.py", line 48, in get_dashboard_data
    kpis = jury_dashboard_service.get_dashboard_stats(current_user_id)
           ^^^^^^^^^^^^^^^^^^^^^^^^^^^^^^^^^^^^^^^^^^^^^^^^^^^^^^^^^^^
  File "C:\Users\21261\python-project-\Back-end\app\services\jury_dashboard_service.py", line 23, in get_dashboard_stats
    total_assigned = assigned_query.count()
                     ^^^^^^^^^^^^^^^^^^^^^^
  File "C:\Users\21261\AppData\Roaming\Python\Python312\site-packages\sqlalchemy\orm\query.py", line 3146, in count
    self._legacy_from_self(col).enable_eagerloads(False).scalar()
  File "C:\Users\21261\AppData\Roaming\Python\Python312\site-packages\sqlalchemy\orm\query.py", line 2835, in scalar
    ret = self.one()
          ^^^^^^^^^^
  File "C:\Users\21261\AppData\Roaming\Python\Python312\site-packages\sqlalchemy\orm\query.py", line 2808, in one
    return self._iter().one()  # type: ignore
           ^^^^^^^^^^^^
  File "C:\Users\21261\AppData\Roaming\Python\Python312\site-packages\sqlalchemy\orm\query.py", line 2857, in _iter
    result: Union[ScalarResult[_T], Result[_T]] = self.session.execute(
                                                  ^^^^^^^^^^^^^^^^^^^^^
  File "C:\Users\21261\AppData\Roaming\Python\Python312\site-packages\sqlalchemy\orm\session.py", line 2351, in execute
    return self._execute_internal(
           ^^^^^^^^^^^^^^^^^^^^^^^
  File "C:\Users\21261\AppData\Roaming\Python\Python312\site-packages\sqlalchemy\orm\session.py", line 2249, in _execute_internal
    result: Result[Any] = compile_state_cls.orm_execute_statement(
                          ^^^^^^^^^^^^^^^^^^^^^^^^^^^^^^^^^^^^^^^^
  File "C:\Users\21261\AppData\Roaming\Python\Python312\site-packages\sqlalchemy\orm\context.py", line 306, in orm_execute_statement
    result = conn.execute(
             ^^^^^^^^^^^^^
  File "C:\Users\21261\AppData\Roaming\Python\Python312\site-packages\sqlalchemy\engine\base.py", line 1419, in execute
    return meth(
           ^^^^^
  File "C:\Users\21261\AppData\Roaming\Python\Python312\site-packages\sqlalchemy\sql\elements.py", line 527, in _execute_on_connection
    return connection._execute_clauseelement(
           ^^^^^^^^^^^^^^^^^^^^^^^^^^^^^^^^^^
  File "C:\Users\21261\AppData\Roaming\Python\Python312\site-packages\sqlalchemy\engine\base.py", line 1641, in _execute_clauseelement
    ret = self._execute_context(
          ^^^^^^^^^^^^^^^^^^^^^^
  File "C:\Users\21261\AppData\Roaming\Python\Python312\site-packages\sqlalchemy\engine\base.py", line 1846, in _execute_context
    return self._exec_single_context(
           ^^^^^^^^^^^^^^^^^^^^^^^^^^
  File "C:\Users\21261\AppData\Roaming\Python\Python312\site-packages\sqlalchemy\engine\base.py", line 1986, in _exec_single_context
    self._handle_dbapi_exception(
  File "C:\Users\21261\AppData\Roaming\Python\Python312\site-packages\sqlalchemy\engine\base.py", line 2363, in _handle_dbapi_exception
    raise sqlalchemy_exception.with_traceback(exc_info[2]) from e
  File "C:\Users\21261\AppData\Roaming\Python\Python312\site-packages\sqlalchemy\engine\base.py", line 1967, in _exec_single_context
    self.dialect.do_execute(
  File "C:\Users\21261\AppData\Roaming\Python\Python312\site-packages\sqlalchemy\engine\default.py", line 952, in do_execute
    cursor.execute(statement, parameters)
  File "C:\Users\21261\AppData\Roaming\Python\Python312\site-packages\pymysql\cursors.py", line 153, in execute
    result = self._query(query)
             ^^^^^^^^^^^^^^^^^^
  File "C:\Users\21261\AppData\Roaming\Python\Python312\site-packages\pymysql\cursors.py", line 322, in _query
    conn.query(q)
  File "C:\Users\21261\AppData\Roaming\Python\Python312\site-packages\pymysql\connections.py", line 575, in query
    self._affected_rows = self._read_query_result(unbuffered=unbuffered)
                          ^^^^^^^^^^^^^^^^^^^^^^^^^^^^^^^^^^^^^^^^^^^^^^
  File "C:\Users\21261\AppData\Roaming\Python\Python312\site-packages\pymysql\connections.py", line 826, in _read_query_result
    result.read()
  File "C:\Users\21261\AppData\Roaming\Python\Python312\site-packages\pymysql\connections.py", line 1203, in read
    first_packet = self.connection._read_packet()
                   ^^^^^^^^^^^^^^^^^^^^^^^^^^^^^^
  File "C:\Users\21261\AppData\Roaming\Python\Python312\site-packages\pymysql\connections.py", line 782, in _read_packet
    packet.raise_for_error()
  File "C:\Users\21261\AppData\Roaming\Python\Python312\site-packages\pymysql\protocol.py", line 219, in raise_for_error
    err.raise_mysql_exception(self._data)
  File "C:\Users\21261\AppData\Roaming\Python\Python312\site-packages\pymysql\err.py", line 150, in raise_mysql_exception
    raise errorclass(errno, errval)
sqlalchemy.exc.OperationalError: (pymysql.err.OperationalError) (1054, "Unknown column 'rapports.status' in 'field list'")
[SQL: SELECT count(*) AS count_1 
FROM (SELECT rapports.id AS rapports_id, rapports.auteur_id AS rapports_auteur_id, rapports.titre AS rapports_titre, rapports.filename AS rapports_filename, rapports.storage_path AS rapports_storage_path, rapports.status AS rapports_status, rapports.created_at AS rapports_created_at 
FROM rapports INNER JOIN soutenances ON soutenances.rapport_id = rapports.id INNER JOIN juries ON juries.soutenance_id = soutenances.id 
WHERE juries.teacher_id = %(teacher_id_1)s) AS anon_1]
[parameters: {'teacher_id_1': '3'}]
(Background on this error at: https://sqlalche.me/e/20/e3q8)

==================================================
Error in get_dashboard_data: (pymysql.err.OperationalError) (1054, "Unknown column 'rapports.status' in 'field list'")
[SQL: SELECT count(*) AS count_1 
FROM (SELECT rapports.id AS rapports_id, rapports.auteur_id AS rapports_auteur_id, rapports.titre AS rapports_titre, rapports.filename AS rapports_filename, rapports.storage_path AS rapports_storage_path, rapports.status AS rapports_status, rapports.created_at AS rapports_created_at 
FROM rapports INNER JOIN soutenances ON soutenances.rapport_id = rapports.id INNER JOIN juries ON juries.soutenance_id = soutenances.id 
WHERE juries.teacher_id = %(teacher_id_1)s) AS anon_1]
[parameters: {'teacher_id_1': '3'}]
(Background on this error at: https://sqlalche.me/e/20/e3q8)
Traceback (most recent call last):
  File "C:\Users\21261\AppData\Roaming\Python\Python312\site-packages\sqlalchemy\engine\base.py", line 1967, in _exec_single_context
    self.dialect.do_execute(
  File "C:\Users\21261\AppData\Roaming\Python\Python312\site-packages\sqlalchemy\engine\default.py", line 952, in do_execute
    cursor.execute(statement, parameters)
  File "C:\Users\21261\AppData\Roaming\Python\Python312\site-packages\pymysql\cursors.py", line 153, in execute
    result = self._query(query)
             ^^^^^^^^^^^^^^^^^^
  File "C:\Users\21261\AppData\Roaming\Python\Python312\site-packages\pymysql\cursors.py", line 322, in _query
    conn.query(q)
  File "C:\Users\21261\AppData\Roaming\Python\Python312\site-packages\pymysql\connections.py", line 575, in query
    self._affected_rows = self._read_query_result(unbuffered=unbuffered)
                          ^^^^^^^^^^^^^^^^^^^^^^^^^^^^^^^^^^^^^^^^^^^^^^
  File "C:\Users\21261\AppData\Roaming\Python\Python312\site-packages\pymysql\connections.py", line 826, in _read_query_result
    result.read()
  File "C:\Users\21261\AppData\Roaming\Python\Python312\site-packages\pymysql\connections.py", line 1203, in read
    first_packet = self.connection._read_packet()
                   ^^^^^^^^^^^^^^^^^^^^^^^^^^^^^^
  File "C:\Users\21261\AppData\Roaming\Python\Python312\site-packages\pymysql\connections.py", line 782, in _read_packet
    packet.raise_for_error()
  File "C:\Users\21261\AppData\Roaming\Python\Python312\site-packages\pymysql\protocol.py", line 219, in raise_for_error
    err.raise_mysql_exception(self._data)
  File "C:\Users\21261\AppData\Roaming\Python\Python312\site-packages\pymysql\err.py", line 150, in raise_mysql_exception
    raise errorclass(errno, errval)
pymysql.err.OperationalError: (1054, "Unknown column 'rapports.status' in 'field list'")

The above exception was the direct cause of the following exception:

Traceback (most recent call last):
  File "C:\Users\21261\python-project-\Back-end\app\api\jury_dashboard_routes.py", line 48, in get_dashboard_data
    kpis = jury_dashboard_service.get_dashboard_stats(current_user_id)
           ^^^^^^^^^^^^^^^^^^^^^^^^^^^^^^^^^^^^^^^^^^^^^^^^^^^^^^^^^^^
  File "C:\Users\21261\python-project-\Back-end\app\services\jury_dashboard_service.py", line 23, in get_dashboard_stats
    total_assigned = assigned_query.count()
                     ^^^^^^^^^^^^^^^^^^^^^^
  File "C:\Users\21261\AppData\Roaming\Python\Python312\site-packages\sqlalchemy\orm\query.py", line 3146, in count
    self._legacy_from_self(col).enable_eagerloads(False).scalar()
  File "C:\Users\21261\AppData\Roaming\Python\Python312\site-packages\sqlalchemy\orm\query.py", line 2835, in scalar
    ret = self.one()
          ^^^^^^^^^^
  File "C:\Users\21261\AppData\Roaming\Python\Python312\site-packages\sqlalchemy\orm\query.py", line 2808, in one
    return self._iter().one()  # type: ignore
           ^^^^^^^^^^^^
  File "C:\Users\21261\AppData\Roaming\Python\Python312\site-packages\sqlalchemy\orm\query.py", line 2857, in _iter
    result: Union[ScalarResult[_T], Result[_T]] = self.session.execute(
                                                  ^^^^^^^^^^^^^^^^^^^^^
  File "C:\Users\21261\AppData\Roaming\Python\Python312\site-packages\sqlalchemy\orm\session.py", line 2351, in execute
    return self._execute_internal(
           ^^^^^^^^^^^^^^^^^^^^^^^
  File "C:\Users\21261\AppData\Roaming\Python\Python312\site-packages\sqlalchemy\orm\session.py", line 2249, in _execute_internal
    result: Result[Any] = compile_state_cls.orm_execute_statement(
                          ^^^^^^^^^^^^^^^^^^^^^^^^^^^^^^^^^^^^^^^^
  File "C:\Users\21261\AppData\Roaming\Python\Python312\site-packages\sqlalchemy\orm\context.py", line 306, in orm_execute_statement
    result = conn.execute(
             ^^^^^^^^^^^^^
  File "C:\Users\21261\AppData\Roaming\Python\Python312\site-packages\sqlalchemy\engine\base.py", line 1419, in execute
    return meth(
           ^^^^^
  File "C:\Users\21261\AppData\Roaming\Python\Python312\site-packages\sqlalchemy\sql\elements.py", line 527, in _execute_on_connection
    return connection._execute_clauseelement(
           ^^^^^^^^^^^^^^^^^^^^^^^^^^^^^^^^^^
  File "C:\Users\21261\AppData\Roaming\Python\Python312\site-packages\sqlalchemy\engine\base.py", line 1641, in _execute_clauseelement
    ret = self._execute_context(
          ^^^^^^^^^^^^^^^^^^^^^^
  File "C:\Users\21261\AppData\Roaming\Python\Python312\site-packages\sqlalchemy\engine\base.py", line 1846, in _execute_context
    return self._exec_single_context(
           ^^^^^^^^^^^^^^^^^^^^^^^^^^
  File "C:\Users\21261\AppData\Roaming\Python\Python312\site-packages\sqlalchemy\engine\base.py", line 1986, in _exec_single_context
    self._handle_dbapi_exception(
  File "C:\Users\21261\AppData\Roaming\Python\Python312\site-packages\sqlalchemy\engine\base.py", line 2363, in _handle_dbapi_exception
    raise sqlalchemy_exception.with_traceback(exc_info[2]) from e
  File "C:\Users\21261\AppData\Roaming\Python\Python312\site-packages\sqlalchemy\engine\base.py", line 1967, in _exec_single_context
    self.dialect.do_execute(
  File "C:\Users\21261\AppData\Roaming\Python\Python312\site-packages\sqlalchemy\engine\default.py", line 952, in do_execute
    cursor.execute(statement, parameters)
  File "C:\Users\21261\AppData\Roaming\Python\Python312\site-packages\pymysql\cursors.py", line 153, in execute
    result = self._query(query)
             ^^^^^^^^^^^^^^^^^^
  File "C:\Users\21261\AppData\Roaming\Python\Python312\site-packages\pymysql\cursors.py", line 322, in _query
    conn.query(q)
  File "C:\Users\21261\AppData\Roaming\Python\Python312\site-packages\pymysql\connections.py", line 575, in query
    self._affected_rows = self._read_query_result(unbuffered=unbuffered)
                          ^^^^^^^^^^^^^^^^^^^^^^^^^^^^^^^^^^^^^^^^^^^^^^
  File "C:\Users\21261\AppData\Roaming\Python\Python312\site-packages\pymysql\connections.py", line 826, in _read_query_result
    result.read()
  File "C:\Users\21261\AppData\Roaming\Python\Python312\site-packages\pymysql\connections.py", line 1203, in read
    first_packet = self.connection._read_packet()
                   ^^^^^^^^^^^^^^^^^^^^^^^^^^^^^^
  File "C:\Users\21261\AppData\Roaming\Python\Python312\site-packages\pymysql\connections.py", line 782, in _read_packet
    packet.raise_for_error()
  File "C:\Users\21261\AppData\Roaming\Python\Python312\site-packages\pymysql\protocol.py", line 219, in raise_for_error
    err.raise_mysql_exception(self._data)
  File "C:\Users\21261\AppData\Roaming\Python\Python312\site-packages\pymysql\err.py", line 150, in raise_mysql_exception
    raise errorclass(errno, errval)
sqlalchemy.exc.OperationalError: (pymysql.err.OperationalError) (1054, "Unknown column 'rapports.status' in 'field list'")
[SQL: SELECT count(*) AS count_1 
FROM (SELECT rapports.id AS rapports_id, rapports.auteur_id AS rapports_auteur_id, rapports.titre AS rapports_titre, rapports.filename AS rapports_filename, rapports.storage_path AS rapports_storage_path, rapports.status AS rapports_status, rapports.created_at AS rapports_created_at 
FROM rapports INNER JOIN soutenances ON soutenances.rapport_id = rapports.id INNER JOIN juries ON juries.soutenance_id = soutenances.id 
WHERE juries.teacher_id = %(teacher_id_1)s) AS anon_1]
[parameters: {'teacher_id_1': '3'}]
(Background on this error at: https://sqlalche.me/e/20/e3q8)

==================================================
Error in get_dashboard_data: (pymysql.err.OperationalError) (1054, "Unknown column 'rapports.status' in 'field list'")
[SQL: SELECT count(*) AS count_1 
FROM (SELECT rapports.id AS rapports_id, rapports.auteur_id AS rapports_auteur_id, rapports.titre AS rapports_titre, rapports.filename AS rapports_filename, rapports.storage_path AS rapports_storage_path, rapports.status AS rapports_status, rapports.created_at AS rapports_created_at 
FROM rapports INNER JOIN soutenances ON soutenances.rapport_id = rapports.id INNER JOIN juries ON juries.soutenance_id = soutenances.id 
WHERE juries.teacher_id = %(teacher_id_1)s) AS anon_1]
[parameters: {'teacher_id_1': '3'}]
(Background on this error at: https://sqlalche.me/e/20/e3q8)
Traceback (most recent call last):
  File "C:\Users\21261\AppData\Roaming\Python\Python312\site-packages\sqlalchemy\engine\base.py", line 1967, in _exec_single_context
    self.dialect.do_execute(
  File "C:\Users\21261\AppData\Roaming\Python\Python312\site-packages\sqlalchemy\engine\default.py", line 952, in do_execute
    cursor.execute(statement, parameters)
  File "C:\Users\21261\AppData\Roaming\Python\Python312\site-packages\pymysql\cursors.py", line 153, in execute
    result = self._query(query)
             ^^^^^^^^^^^^^^^^^^
  File "C:\Users\21261\AppData\Roaming\Python\Python312\site-packages\pymysql\cursors.py", line 322, in _query
    conn.query(q)
  File "C:\Users\21261\AppData\Roaming\Python\Python312\site-packages\pymysql\connections.py", line 575, in query
    self._affected_rows = self._read_query_result(unbuffered=unbuffered)
                          ^^^^^^^^^^^^^^^^^^^^^^^^^^^^^^^^^^^^^^^^^^^^^^
  File "C:\Users\21261\AppData\Roaming\Python\Python312\site-packages\pymysql\connections.py", line 826, in _read_query_result
    result.read()
  File "C:\Users\21261\AppData\Roaming\Python\Python312\site-packages\pymysql\connections.py", line 1203, in read
    first_packet = self.connection._read_packet()
                   ^^^^^^^^^^^^^^^^^^^^^^^^^^^^^^
  File "C:\Users\21261\AppData\Roaming\Python\Python312\site-packages\pymysql\connections.py", line 782, in _read_packet
    packet.raise_for_error()
  File "C:\Users\21261\AppData\Roaming\Python\Python312\site-packages\pymysql\protocol.py", line 219, in raise_for_error
    err.raise_mysql_exception(self._data)
  File "C:\Users\21261\AppData\Roaming\Python\Python312\site-packages\pymysql\err.py", line 150, in raise_mysql_exception
    raise errorclass(errno, errval)
pymysql.err.OperationalError: (1054, "Unknown column 'rapports.status' in 'field list'")

The above exception was the direct cause of the following exception:

Traceback (most recent call last):
  File "C:\Users\21261\python-project-\Back-end\app\api\jury_dashboard_routes.py", line 48, in get_dashboard_data
    kpis = jury_dashboard_service.get_dashboard_stats(current_user_id)
           ^^^^^^^^^^^^^^^^^^^^^^^^^^^^^^^^^^^^^^^^^^^^^^^^^^^^^^^^^^^
  File "C:\Users\21261\python-project-\Back-end\app\services\jury_dashboard_service.py", line 23, in get_dashboard_stats
    total_assigned = assigned_query.count()
                     ^^^^^^^^^^^^^^^^^^^^^^
  File "C:\Users\21261\AppData\Roaming\Python\Python312\site-packages\sqlalchemy\orm\query.py", line 3146, in count
    self._legacy_from_self(col).enable_eagerloads(False).scalar()
  File "C:\Users\21261\AppData\Roaming\Python\Python312\site-packages\sqlalchemy\orm\query.py", line 2835, in scalar
    ret = self.one()
          ^^^^^^^^^^
  File "C:\Users\21261\AppData\Roaming\Python\Python312\site-packages\sqlalchemy\orm\query.py", line 2808, in one
    return self._iter().one()  # type: ignore
           ^^^^^^^^^^^^
  File "C:\Users\21261\AppData\Roaming\Python\Python312\site-packages\sqlalchemy\orm\query.py", line 2857, in _iter
    result: Union[ScalarResult[_T], Result[_T]] = self.session.execute(
                                                  ^^^^^^^^^^^^^^^^^^^^^
  File "C:\Users\21261\AppData\Roaming\Python\Python312\site-packages\sqlalchemy\orm\session.py", line 2351, in execute
    return self._execute_internal(
           ^^^^^^^^^^^^^^^^^^^^^^^
  File "C:\Users\21261\AppData\Roaming\Python\Python312\site-packages\sqlalchemy\orm\session.py", line 2249, in _execute_internal
    result: Result[Any] = compile_state_cls.orm_execute_statement(
                          ^^^^^^^^^^^^^^^^^^^^^^^^^^^^^^^^^^^^^^^^
  File "C:\Users\21261\AppData\Roaming\Python\Python312\site-packages\sqlalchemy\orm\context.py", line 306, in orm_execute_statement
    result = conn.execute(
             ^^^^^^^^^^^^^
  File "C:\Users\21261\AppData\Roaming\Python\Python312\site-packages\sqlalchemy\engine\base.py", line 1419, in execute
    return meth(
           ^^^^^
  File "C:\Users\21261\AppData\Roaming\Python\Python312\site-packages\sqlalchemy\sql\elements.py", line 527, in _execute_on_connection
    return connection._execute_clauseelement(
           ^^^^^^^^^^^^^^^^^^^^^^^^^^^^^^^^^^
  File "C:\Users\21261\AppData\Roaming\Python\Python312\site-packages\sqlalchemy\engine\base.py", line 1641, in _execute_clauseelement
    ret = self._execute_context(
          ^^^^^^^^^^^^^^^^^^^^^^
  File "C:\Users\21261\AppData\Roaming\Python\Python312\site-packages\sqlalchemy\engine\base.py", line 1846, in _execute_context
    return self._exec_single_context(
           ^^^^^^^^^^^^^^^^^^^^^^^^^^
  File "C:\Users\21261\AppData\Roaming\Python\Python312\site-packages\sqlalchemy\engine\base.py", line 1986, in _exec_single_context
    self._handle_dbapi_exception(
  File "C:\Users\21261\AppData\Roaming\Python\Python312\site-packages\sqlalchemy\engine\base.py", line 2363, in _handle_dbapi_exception
    raise sqlalchemy_exception.with_traceback(exc_info[2]) from e
  File "C:\Users\21261\AppData\Roaming\Python\Python312\site-packages\sqlalchemy\engine\base.py", line 1967, in _exec_single_context
    self.dialect.do_execute(
  File "C:\Users\21261\AppData\Roaming\Python\Python312\site-packages\sqlalchemy\engine\default.py", line 952, in do_execute
    cursor.execute(statement, parameters)
  File "C:\Users\21261\AppData\Roaming\Python\Python312\site-packages\pymysql\cursors.py", line 153, in execute
    result = self._query(query)
             ^^^^^^^^^^^^^^^^^^
  File "C:\Users\21261\AppData\Roaming\Python\Python312\site-packages\pymysql\cursors.py", line 322, in _query
    conn.query(q)
  File "C:\Users\21261\AppData\Roaming\Python\Python312\site-packages\pymysql\connections.py", line 575, in query
    self._affected_rows = self._read_query_result(unbuffered=unbuffered)
                          ^^^^^^^^^^^^^^^^^^^^^^^^^^^^^^^^^^^^^^^^^^^^^^
  File "C:\Users\21261\AppData\Roaming\Python\Python312\site-packages\pymysql\connections.py", line 826, in _read_query_result
    result.read()
  File "C:\Users\21261\AppData\Roaming\Python\Python312\site-packages\pymysql\connections.py", line 1203, in read
    first_packet = self.connection._read_packet()
                   ^^^^^^^^^^^^^^^^^^^^^^^^^^^^^^
  File "C:\Users\21261\AppData\Roaming\Python\Python312\site-packages\pymysql\connections.py", line 782, in _read_packet
    packet.raise_for_error()
  File "C:\Users\21261\AppData\Roaming\Python\Python312\site-packages\pymysql\protocol.py", line 219, in raise_for_error
    err.raise_mysql_exception(self._data)
  File "C:\Users\21261\AppData\Roaming\Python\Python312\site-packages\pymysql\err.py", line 150, in raise_mysql_exception
    raise errorclass(errno, errval)
sqlalchemy.exc.OperationalError: (pymysql.err.OperationalError) (1054, "Unknown column 'rapports.status' in 'field list'")
[SQL: SELECT count(*) AS count_1 
FROM (SELECT rapports.id AS rapports_id, rapports.auteur_id AS rapports_auteur_id, rapports.titre AS rapports_titre, rapports.filename AS rapports_filename, rapports.storage_path AS rapports_storage_path, rapports.status AS rapports_status, rapports.created_at AS rapports_created_at 
FROM rapports INNER JOIN soutenances ON soutenances.rapport_id = rapports.id INNER JOIN juries ON juries.soutenance_id = soutenances.id 
WHERE juries.teacher_id = %(teacher_id_1)s) AS anon_1]
[parameters: {'teacher_id_1': '3'}]
(Background on this error at: https://sqlalche.me/e/20/e3q8)

==================================================
Error in get_dashboard_data: (pymysql.err.OperationalError) (1054, "Unknown column 'rapports.status' in 'field list'")
[SQL: SELECT count(*) AS count_1 
FROM (SELECT rapports.id AS rapports_id, rapports.auteur_id AS rapports_auteur_id, rapports.titre AS rapports_titre, rapports.filename AS rapports_filename, rapports.storage_path AS rapports_storage_path, rapports.status AS rapports_status, rapports.created_at AS rapports_created_at 
FROM rapports INNER JOIN soutenances ON soutenances.rapport_id = rapports.id INNER JOIN juries ON juries.soutenance_id = soutenances.id 
WHERE juries.teacher_id = %(teacher_id_1)s) AS anon_1]
[parameters: {'teacher_id_1': '3'}]
(Background on this error at: https://sqlalche.me/e/20/e3q8)
Traceback (most recent call last):
  File "C:\Users\21261\AppData\Roaming\Python\Python312\site-packages\sqlalchemy\engine\base.py", line 1967, in _exec_single_context
    self.dialect.do_execute(
  File "C:\Users\21261\AppData\Roaming\Python\Python312\site-packages\sqlalchemy\engine\default.py", line 952, in do_execute
    cursor.execute(statement, parameters)
  File "C:\Users\21261\AppData\Roaming\Python\Python312\site-packages\pymysql\cursors.py", line 153, in execute
    result = self._query(query)
             ^^^^^^^^^^^^^^^^^^
  File "C:\Users\21261\AppData\Roaming\Python\Python312\site-packages\pymysql\cursors.py", line 322, in _query
    conn.query(q)
  File "C:\Users\21261\AppData\Roaming\Python\Python312\site-packages\pymysql\connections.py", line 575, in query
    self._affected_rows = self._read_query_result(unbuffered=unbuffered)
                          ^^^^^^^^^^^^^^^^^^^^^^^^^^^^^^^^^^^^^^^^^^^^^^
  File "C:\Users\21261\AppData\Roaming\Python\Python312\site-packages\pymysql\connections.py", line 826, in _read_query_result
    result.read()
  File "C:\Users\21261\AppData\Roaming\Python\Python312\site-packages\pymysql\connections.py", line 1203, in read
    first_packet = self.connection._read_packet()
                   ^^^^^^^^^^^^^^^^^^^^^^^^^^^^^^
  File "C:\Users\21261\AppData\Roaming\Python\Python312\site-packages\pymysql\connections.py", line 782, in _read_packet
    packet.raise_for_error()
  File "C:\Users\21261\AppData\Roaming\Python\Python312\site-packages\pymysql\protocol.py", line 219, in raise_for_error
    err.raise_mysql_exception(self._data)
  File "C:\Users\21261\AppData\Roaming\Python\Python312\site-packages\pymysql\err.py", line 150, in raise_mysql_exception
    raise errorclass(errno, errval)
pymysql.err.OperationalError: (1054, "Unknown column 'rapports.status' in 'field list'")

The above exception was the direct cause of the following exception:

Traceback (most recent call last):
  File "C:\Users\21261\python-project-\Back-end\app\api\jury_dashboard_routes.py", line 48, in get_dashboard_data
    kpis = jury_dashboard_service.get_dashboard_stats(current_user_id)
           ^^^^^^^^^^^^^^^^^^^^^^^^^^^^^^^^^^^^^^^^^^^^^^^^^^^^^^^^^^^
  File "C:\Users\21261\python-project-\Back-end\app\services\jury_dashboard_service.py", line 23, in get_dashboard_stats
    total_assigned = assigned_query.count()
                     ^^^^^^^^^^^^^^^^^^^^^^
  File "C:\Users\21261\AppData\Roaming\Python\Python312\site-packages\sqlalchemy\orm\query.py", line 3146, in count
    self._legacy_from_self(col).enable_eagerloads(False).scalar()
  File "C:\Users\21261\AppData\Roaming\Python\Python312\site-packages\sqlalchemy\orm\query.py", line 2835, in scalar
    ret = self.one()
          ^^^^^^^^^^
  File "C:\Users\21261\AppData\Roaming\Python\Python312\site-packages\sqlalchemy\orm\query.py", line 2808, in one
    return self._iter().one()  # type: ignore
           ^^^^^^^^^^^^
  File "C:\Users\21261\AppData\Roaming\Python\Python312\site-packages\sqlalchemy\orm\query.py", line 2857, in _iter
    result: Union[ScalarResult[_T], Result[_T]] = self.session.execute(
                                                  ^^^^^^^^^^^^^^^^^^^^^
  File "C:\Users\21261\AppData\Roaming\Python\Python312\site-packages\sqlalchemy\orm\session.py", line 2351, in execute
    return self._execute_internal(
           ^^^^^^^^^^^^^^^^^^^^^^^
  File "C:\Users\21261\AppData\Roaming\Python\Python312\site-packages\sqlalchemy\orm\session.py", line 2249, in _execute_internal
    result: Result[Any] = compile_state_cls.orm_execute_statement(
                          ^^^^^^^^^^^^^^^^^^^^^^^^^^^^^^^^^^^^^^^^
  File "C:\Users\21261\AppData\Roaming\Python\Python312\site-packages\sqlalchemy\orm\context.py", line 306, in orm_execute_statement
    result = conn.execute(
             ^^^^^^^^^^^^^
  File "C:\Users\21261\AppData\Roaming\Python\Python312\site-packages\sqlalchemy\engine\base.py", line 1419, in execute
    return meth(
           ^^^^^
  File "C:\Users\21261\AppData\Roaming\Python\Python312\site-packages\sqlalchemy\sql\elements.py", line 527, in _execute_on_connection
    return connection._execute_clauseelement(
           ^^^^^^^^^^^^^^^^^^^^^^^^^^^^^^^^^^
  File "C:\Users\21261\AppData\Roaming\Python\Python312\site-packages\sqlalchemy\engine\base.py", line 1641, in _execute_clauseelement
    ret = self._execute_context(
          ^^^^^^^^^^^^^^^^^^^^^^
  File "C:\Users\21261\AppData\Roaming\Python\Python312\site-packages\sqlalchemy\engine\base.py", line 1846, in _execute_context
    return self._exec_single_context(
           ^^^^^^^^^^^^^^^^^^^^^^^^^^
  File "C:\Users\21261\AppData\Roaming\Python\Python312\site-packages\sqlalchemy\engine\base.py", line 1986, in _exec_single_context
    self._handle_dbapi_exception(
  File "C:\Users\21261\AppData\Roaming\Python\Python312\site-packages\sqlalchemy\engine\base.py", line 2363, in _handle_dbapi_exception
    raise sqlalchemy_exception.with_traceback(exc_info[2]) from e
  File "C:\Users\21261\AppData\Roaming\Python\Python312\site-packages\sqlalchemy\engine\base.py", line 1967, in _exec_single_context
    self.dialect.do_execute(
  File "C:\Users\21261\AppData\Roaming\Python\Python312\site-packages\sqlalchemy\engine\default.py", line 952, in do_execute
    cursor.execute(statement, parameters)
  File "C:\Users\21261\AppData\Roaming\Python\Python312\site-packages\pymysql\cursors.py", line 153, in execute
    result = self._query(query)
             ^^^^^^^^^^^^^^^^^^
  File "C:\Users\21261\AppData\Roaming\Python\Python312\site-packages\pymysql\cursors.py", line 322, in _query
    conn.query(q)
  File "C:\Users\21261\AppData\Roaming\Python\Python312\site-packages\pymysql\connections.py", line 575, in query
    self._affected_rows = self._read_query_result(unbuffered=unbuffered)
                          ^^^^^^^^^^^^^^^^^^^^^^^^^^^^^^^^^^^^^^^^^^^^^^
  File "C:\Users\21261\AppData\Roaming\Python\Python312\site-packages\pymysql\connections.py", line 826, in _read_query_result
    result.read()
  File "C:\Users\21261\AppData\Roaming\Python\Python312\site-packages\pymysql\connections.py", line 1203, in read
    first_packet = self.connection._read_packet()
                   ^^^^^^^^^^^^^^^^^^^^^^^^^^^^^^
  File "C:\Users\21261\AppData\Roaming\Python\Python312\site-packages\pymysql\connections.py", line 782, in _read_packet
    packet.raise_for_error()
  File "C:\Users\21261\AppData\Roaming\Python\Python312\site-packages\pymysql\protocol.py", line 219, in raise_for_error
    err.raise_mysql_exception(self._data)
  File "C:\Users\21261\AppData\Roaming\Python\Python312\site-packages\pymysql\err.py", line 150, in raise_mysql_exception
    raise errorclass(errno, errval)
sqlalchemy.exc.OperationalError: (pymysql.err.OperationalError) (1054, "Unknown column 'rapports.status' in 'field list'")
[SQL: SELECT count(*) AS count_1 
FROM (SELECT rapports.id AS rapports_id, rapports.auteur_id AS rapports_auteur_id, rapports.titre AS rapports_titre, rapports.filename AS rapports_filename, rapports.storage_path AS rapports_storage_path, rapports.status AS rapports_status, rapports.created_at AS rapports_created_at 
FROM rapports INNER JOIN soutenances ON soutenances.rapport_id = rapports.id INNER JOIN juries ON juries.soutenance_id = soutenances.id 
WHERE juries.teacher_id = %(teacher_id_1)s) AS anon_1]
[parameters: {'teacher_id_1': '3'}]
(Background on this error at: https://sqlalche.me/e/20/e3q8)

==================================================
Error in get_dashboard_data: (pymysql.err.OperationalError) (1054, "Unknown column 'rapports.status' in 'field list'")
[SQL: SELECT count(*) AS count_1 
FROM (SELECT rapports.id AS rapports_id, rapports.auteur_id AS rapports_auteur_id, rapports.titre AS rapports_titre, rapports.filename AS rapports_filename, rapports.storage_path AS rapports_storage_path, rapports.status AS rapports_status, rapports.created_at AS rapports_created_at 
FROM rapports INNER JOIN soutenances ON soutenances.rapport_id = rapports.id INNER JOIN juries ON juries.soutenance_id = soutenances.id 
WHERE juries.teacher_id = %(teacher_id_1)s) AS anon_1]
[parameters: {'teacher_id_1': '3'}]
(Background on this error at: https://sqlalche.me/e/20/e3q8)
Traceback (most recent call last):
  File "C:\Users\21261\AppData\Roaming\Python\Python312\site-packages\sqlalchemy\engine\base.py", line 1967, in _exec_single_context
    self.dialect.do_execute(
  File "C:\Users\21261\AppData\Roaming\Python\Python312\site-packages\sqlalchemy\engine\default.py", line 952, in do_execute
    cursor.execute(statement, parameters)
  File "C:\Users\21261\AppData\Roaming\Python\Python312\site-packages\pymysql\cursors.py", line 153, in execute
    result = self._query(query)
             ^^^^^^^^^^^^^^^^^^
  File "C:\Users\21261\AppData\Roaming\Python\Python312\site-packages\pymysql\cursors.py", line 322, in _query
    conn.query(q)
  File "C:\Users\21261\AppData\Roaming\Python\Python312\site-packages\pymysql\connections.py", line 575, in query
    self._affected_rows = self._read_query_result(unbuffered=unbuffered)
                          ^^^^^^^^^^^^^^^^^^^^^^^^^^^^^^^^^^^^^^^^^^^^^^
  File "C:\Users\21261\AppData\Roaming\Python\Python312\site-packages\pymysql\connections.py", line 826, in _read_query_result
    result.read()
  File "C:\Users\21261\AppData\Roaming\Python\Python312\site-packages\pymysql\connections.py", line 1203, in read
    first_packet = self.connection._read_packet()
                   ^^^^^^^^^^^^^^^^^^^^^^^^^^^^^^
  File "C:\Users\21261\AppData\Roaming\Python\Python312\site-packages\pymysql\connections.py", line 782, in _read_packet
    packet.raise_for_error()
  File "C:\Users\21261\AppData\Roaming\Python\Python312\site-packages\pymysql\protocol.py", line 219, in raise_for_error
    err.raise_mysql_exception(self._data)
  File "C:\Users\21261\AppData\Roaming\Python\Python312\site-packages\pymysql\err.py", line 150, in raise_mysql_exception
    raise errorclass(errno, errval)
pymysql.err.OperationalError: (1054, "Unknown column 'rapports.status' in 'field list'")

The above exception was the direct cause of the following exception:

Traceback (most recent call last):
  File "C:\Users\21261\python-project-\Back-end\app\api\jury_dashboard_routes.py", line 48, in get_dashboard_data
    kpis = jury_dashboard_service.get_dashboard_stats(current_user_id)
           ^^^^^^^^^^^^^^^^^^^^^^^^^^^^^^^^^^^^^^^^^^^^^^^^^^^^^^^^^^^
  File "C:\Users\21261\python-project-\Back-end\app\services\jury_dashboard_service.py", line 23, in get_dashboard_stats
    total_assigned = assigned_query.count()
                     ^^^^^^^^^^^^^^^^^^^^^^
  File "C:\Users\21261\AppData\Roaming\Python\Python312\site-packages\sqlalchemy\orm\query.py", line 3146, in count
    self._legacy_from_self(col).enable_eagerloads(False).scalar()
  File "C:\Users\21261\AppData\Roaming\Python\Python312\site-packages\sqlalchemy\orm\query.py", line 2835, in scalar
    ret = self.one()
          ^^^^^^^^^^
  File "C:\Users\21261\AppData\Roaming\Python\Python312\site-packages\sqlalchemy\orm\query.py", line 2808, in one
    return self._iter().one()  # type: ignore
           ^^^^^^^^^^^^
  File "C:\Users\21261\AppData\Roaming\Python\Python312\site-packages\sqlalchemy\orm\query.py", line 2857, in _iter
    result: Union[ScalarResult[_T], Result[_T]] = self.session.execute(
                                                  ^^^^^^^^^^^^^^^^^^^^^
  File "C:\Users\21261\AppData\Roaming\Python\Python312\site-packages\sqlalchemy\orm\session.py", line 2351, in execute
    return self._execute_internal(
           ^^^^^^^^^^^^^^^^^^^^^^^
  File "C:\Users\21261\AppData\Roaming\Python\Python312\site-packages\sqlalchemy\orm\session.py", line 2249, in _execute_internal
    result: Result[Any] = compile_state_cls.orm_execute_statement(
                          ^^^^^^^^^^^^^^^^^^^^^^^^^^^^^^^^^^^^^^^^
  File "C:\Users\21261\AppData\Roaming\Python\Python312\site-packages\sqlalchemy\orm\context.py", line 306, in orm_execute_statement
    result = conn.execute(
             ^^^^^^^^^^^^^
  File "C:\Users\21261\AppData\Roaming\Python\Python312\site-packages\sqlalchemy\engine\base.py", line 1419, in execute
    return meth(
           ^^^^^
  File "C:\Users\21261\AppData\Roaming\Python\Python312\site-packages\sqlalchemy\sql\elements.py", line 527, in _execute_on_connection
    return connection._execute_clauseelement(
           ^^^^^^^^^^^^^^^^^^^^^^^^^^^^^^^^^^
  File "C:\Users\21261\AppData\Roaming\Python\Python312\site-packages\sqlalchemy\engine\base.py", line 1641, in _execute_clauseelement
    ret = self._execute_context(
          ^^^^^^^^^^^^^^^^^^^^^^
  File "C:\Users\21261\AppData\Roaming\Python\Python312\site-packages\sqlalchemy\engine\base.py", line 1846, in _execute_context
    return self._exec_single_context(
           ^^^^^^^^^^^^^^^^^^^^^^^^^^
  File "C:\Users\21261\AppData\Roaming\Python\Python312\site-packages\sqlalchemy\engine\base.py", line 1986, in _exec_single_context
    self._handle_dbapi_exception(
  File "C:\Users\21261\AppData\Roaming\Python\Python312\site-packages\sqlalchemy\engine\base.py", line 2363, in _handle_dbapi_exception
    raise sqlalchemy_exception.with_traceback(exc_info[2]) from e
  File "C:\Users\21261\AppData\Roaming\Python\Python312\site-packages\sqlalchemy\engine\base.py", line 1967, in _exec_single_context
    self.dialect.do_execute(
  File "C:\Users\21261\AppData\Roaming\Python\Python312\site-packages\sqlalchemy\engine\default.py", line 952, in do_execute
    cursor.execute(statement, parameters)
  File "C:\Users\21261\AppData\Roaming\Python\Python312\site-packages\pymysql\cursors.py", line 153, in execute
    result = self._query(query)
             ^^^^^^^^^^^^^^^^^^
  File "C:\Users\21261\AppData\Roaming\Python\Python312\site-packages\pymysql\cursors.py", line 322, in _query
    conn.query(q)
  File "C:\Users\21261\AppData\Roaming\Python\Python312\site-packages\pymysql\connections.py", line 575, in query
    self._affected_rows = self._read_query_result(unbuffered=unbuffered)
                          ^^^^^^^^^^^^^^^^^^^^^^^^^^^^^^^^^^^^^^^^^^^^^^
  File "C:\Users\21261\AppData\Roaming\Python\Python312\site-packages\pymysql\connections.py", line 826, in _read_query_result
    result.read()
  File "C:\Users\21261\AppData\Roaming\Python\Python312\site-packages\pymysql\connections.py", line 1203, in read
    first_packet = self.connection._read_packet()
                   ^^^^^^^^^^^^^^^^^^^^^^^^^^^^^^
  File "C:\Users\21261\AppData\Roaming\Python\Python312\site-packages\pymysql\connections.py", line 782, in _read_packet
    packet.raise_for_error()
  File "C:\Users\21261\AppData\Roaming\Python\Python312\site-packages\pymysql\protocol.py", line 219, in raise_for_error
    err.raise_mysql_exception(self._data)
  File "C:\Users\21261\AppData\Roaming\Python\Python312\site-packages\pymysql\err.py", line 150, in raise_mysql_exception
    raise errorclass(errno, errval)
sqlalchemy.exc.OperationalError: (pymysql.err.OperationalError) (1054, "Unknown column 'rapports.status' in 'field list'")
[SQL: SELECT count(*) AS count_1 
FROM (SELECT rapports.id AS rapports_id, rapports.auteur_id AS rapports_auteur_id, rapports.titre AS rapports_titre, rapports.filename AS rapports_filename, rapports.storage_path AS rapports_storage_path, rapports.status AS rapports_status, rapports.created_at AS rapports_created_at 
FROM rapports INNER JOIN soutenances ON soutenances.rapport_id = rapports.id INNER JOIN juries ON juries.soutenance_id = soutenances.id 
WHERE juries.teacher_id = %(teacher_id_1)s) AS anon_1]
[parameters: {'teacher_id_1': '3'}]
(Background on this error at: https://sqlalche.me/e/20/e3q8)

==================================================
Error in get_dashboard_data: (pymysql.err.OperationalError) (1054, "Unknown column 'rapports.status' in 'field list'")
[SQL: SELECT count(*) AS count_1 
FROM (SELECT rapports.id AS rapports_id, rapports.auteur_id AS rapports_auteur_id, rapports.titre AS rapports_titre, rapports.filename AS rapports_filename, rapports.storage_path AS rapports_storage_path, rapports.status AS rapports_status, rapports.created_at AS rapports_created_at 
FROM rapports INNER JOIN soutenances ON soutenances.rapport_id = rapports.id INNER JOIN juries ON juries.soutenance_id = soutenances.id 
WHERE juries.teacher_id = %(teacher_id_1)s) AS anon_1]
[parameters: {'teacher_id_1': '3'}]
(Background on this error at: https://sqlalche.me/e/20/e3q8)
Traceback (most recent call last):
  File "C:\Users\21261\AppData\Roaming\Python\Python312\site-packages\sqlalchemy\engine\base.py", line 1967, in _exec_single_context
    self.dialect.do_execute(
  File "C:\Users\21261\AppData\Roaming\Python\Python312\site-packages\sqlalchemy\engine\default.py", line 952, in do_execute
    cursor.execute(statement, parameters)
  File "C:\Users\21261\AppData\Roaming\Python\Python312\site-packages\pymysql\cursors.py", line 153, in execute
    result = self._query(query)
             ^^^^^^^^^^^^^^^^^^
  File "C:\Users\21261\AppData\Roaming\Python\Python312\site-packages\pymysql\cursors.py", line 322, in _query
    conn.query(q)
  File "C:\Users\21261\AppData\Roaming\Python\Python312\site-packages\pymysql\connections.py", line 575, in query
    self._affected_rows = self._read_query_result(unbuffered=unbuffered)
                          ^^^^^^^^^^^^^^^^^^^^^^^^^^^^^^^^^^^^^^^^^^^^^^
  File "C:\Users\21261\AppData\Roaming\Python\Python312\site-packages\pymysql\connections.py", line 826, in _read_query_result
    result.read()
  File "C:\Users\21261\AppData\Roaming\Python\Python312\site-packages\pymysql\connections.py", line 1203, in read
    first_packet = self.connection._read_packet()
                   ^^^^^^^^^^^^^^^^^^^^^^^^^^^^^^
  File "C:\Users\21261\AppData\Roaming\Python\Python312\site-packages\pymysql\connections.py", line 782, in _read_packet
    packet.raise_for_error()
  File "C:\Users\21261\AppData\Roaming\Python\Python312\site-packages\pymysql\protocol.py", line 219, in raise_for_error
    err.raise_mysql_exception(self._data)
  File "C:\Users\21261\AppData\Roaming\Python\Python312\site-packages\pymysql\err.py", line 150, in raise_mysql_exception
    raise errorclass(errno, errval)
pymysql.err.OperationalError: (1054, "Unknown column 'rapports.status' in 'field list'")

The above exception was the direct cause of the following exception:

Traceback (most recent call last):
  File "C:\Users\21261\python-project-\Back-end\app\api\jury_dashboard_routes.py", line 48, in get_dashboard_data
    kpis = jury_dashboard_service.get_dashboard_stats(current_user_id)
           ^^^^^^^^^^^^^^^^^^^^^^^^^^^^^^^^^^^^^^^^^^^^^^^^^^^^^^^^^^^
  File "C:\Users\21261\python-project-\Back-end\app\services\jury_dashboard_service.py", line 23, in get_dashboard_stats
    total_assigned = assigned_query.count()
                     ^^^^^^^^^^^^^^^^^^^^^^
  File "C:\Users\21261\AppData\Roaming\Python\Python312\site-packages\sqlalchemy\orm\query.py", line 3146, in count
    self._legacy_from_self(col).enable_eagerloads(False).scalar()
  File "C:\Users\21261\AppData\Roaming\Python\Python312\site-packages\sqlalchemy\orm\query.py", line 2835, in scalar
    ret = self.one()
          ^^^^^^^^^^
  File "C:\Users\21261\AppData\Roaming\Python\Python312\site-packages\sqlalchemy\orm\query.py", line 2808, in one
    return self._iter().one()  # type: ignore
           ^^^^^^^^^^^^
  File "C:\Users\21261\AppData\Roaming\Python\Python312\site-packages\sqlalchemy\orm\query.py", line 2857, in _iter
    result: Union[ScalarResult[_T], Result[_T]] = self.session.execute(
                                                  ^^^^^^^^^^^^^^^^^^^^^
  File "C:\Users\21261\AppData\Roaming\Python\Python312\site-packages\sqlalchemy\orm\session.py", line 2351, in execute
    return self._execute_internal(
           ^^^^^^^^^^^^^^^^^^^^^^^
  File "C:\Users\21261\AppData\Roaming\Python\Python312\site-packages\sqlalchemy\orm\session.py", line 2249, in _execute_internal
    result: Result[Any] = compile_state_cls.orm_execute_statement(
                          ^^^^^^^^^^^^^^^^^^^^^^^^^^^^^^^^^^^^^^^^
  File "C:\Users\21261\AppData\Roaming\Python\Python312\site-packages\sqlalchemy\orm\context.py", line 306, in orm_execute_statement
    result = conn.execute(
             ^^^^^^^^^^^^^
  File "C:\Users\21261\AppData\Roaming\Python\Python312\site-packages\sqlalchemy\engine\base.py", line 1419, in execute
    return meth(
           ^^^^^
  File "C:\Users\21261\AppData\Roaming\Python\Python312\site-packages\sqlalchemy\sql\elements.py", line 527, in _execute_on_connection
    return connection._execute_clauseelement(
           ^^^^^^^^^^^^^^^^^^^^^^^^^^^^^^^^^^
  File "C:\Users\21261\AppData\Roaming\Python\Python312\site-packages\sqlalchemy\engine\base.py", line 1641, in _execute_clauseelement
    ret = self._execute_context(
          ^^^^^^^^^^^^^^^^^^^^^^
  File "C:\Users\21261\AppData\Roaming\Python\Python312\site-packages\sqlalchemy\engine\base.py", line 1846, in _execute_context
    return self._exec_single_context(
           ^^^^^^^^^^^^^^^^^^^^^^^^^^
  File "C:\Users\21261\AppData\Roaming\Python\Python312\site-packages\sqlalchemy\engine\base.py", line 1986, in _exec_single_context
    self._handle_dbapi_exception(
  File "C:\Users\21261\AppData\Roaming\Python\Python312\site-packages\sqlalchemy\engine\base.py", line 2363, in _handle_dbapi_exception
    raise sqlalchemy_exception.with_traceback(exc_info[2]) from e
  File "C:\Users\21261\AppData\Roaming\Python\Python312\site-packages\sqlalchemy\engine\base.py", line 1967, in _exec_single_context
    self.dialect.do_execute(
  File "C:\Users\21261\AppData\Roaming\Python\Python312\site-packages\sqlalchemy\engine\default.py", line 952, in do_execute
    cursor.execute(statement, parameters)
  File "C:\Users\21261\AppData\Roaming\Python\Python312\site-packages\pymysql\cursors.py", line 153, in execute
    result = self._query(query)
             ^^^^^^^^^^^^^^^^^^
  File "C:\Users\21261\AppData\Roaming\Python\Python312\site-packages\pymysql\cursors.py", line 322, in _query
    conn.query(q)
  File "C:\Users\21261\AppData\Roaming\Python\Python312\site-packages\pymysql\connections.py", line 575, in query
    self._affected_rows = self._read_query_result(unbuffered=unbuffered)
                          ^^^^^^^^^^^^^^^^^^^^^^^^^^^^^^^^^^^^^^^^^^^^^^
  File "C:\Users\21261\AppData\Roaming\Python\Python312\site-packages\pymysql\connections.py", line 826, in _read_query_result
    result.read()
  File "C:\Users\21261\AppData\Roaming\Python\Python312\site-packages\pymysql\connections.py", line 1203, in read
    first_packet = self.connection._read_packet()
                   ^^^^^^^^^^^^^^^^^^^^^^^^^^^^^^
  File "C:\Users\21261\AppData\Roaming\Python\Python312\site-packages\pymysql\connections.py", line 782, in _read_packet
    packet.raise_for_error()
  File "C:\Users\21261\AppData\Roaming\Python\Python312\site-packages\pymysql\protocol.py", line 219, in raise_for_error
    err.raise_mysql_exception(self._data)
  File "C:\Users\21261\AppData\Roaming\Python\Python312\site-packages\pymysql\err.py", line 150, in raise_mysql_exception
    raise errorclass(errno, errval)
sqlalchemy.exc.OperationalError: (pymysql.err.OperationalError) (1054, "Unknown column 'rapports.status' in 'field list'")
[SQL: SELECT count(*) AS count_1 
FROM (SELECT rapports.id AS rapports_id, rapports.auteur_id AS rapports_auteur_id, rapports.titre AS rapports_titre, rapports.filename AS rapports_filename, rapports.storage_path AS rapports_storage_path, rapports.status AS rapports_status, rapports.created_at AS rapports_created_at 
FROM rapports INNER JOIN soutenances ON soutenances.rapport_id = rapports.id INNER JOIN juries ON juries.soutenance_id = soutenances.id 
WHERE juries.teacher_id = %(teacher_id_1)s) AS anon_1]
[parameters: {'teacher_id_1': '3'}]
(Background on this error at: https://sqlalche.me/e/20/e3q8)

==================================================
